::1 - - [07/Mar/2023:22:52:05 +0300] "GET /index.php HTTP/1.1" 200 71706
127.0.0.1 - - [07/Mar/2023:23:05:54 +0300] "GET /index.html HTTP/1.1" 200 492
::1 - - [07/Mar/2023:23:06:02 +0300] "POST /display.php HTTP/1.1" 200 30
::1 - - [09/Mar/2023:21:36:35 +0300] "GET /hello.php HTTP/1.1" 200 20
::1 - - [09/Mar/2023:21:36:37 +0300] "GET /favicon.ico HTTP/1.1" 404 196
::1 - - [21/Mar/2023:20:22:57 +0300] "GET / HTTP/1.1" 200 492
::1 - - [21/Mar/2023:20:22:58 +0300] "GET /favicon.ico HTTP/1.1" 404 196
::1 - - [21/Mar/2023:20:23:51 +0300] "GET /index.php/ HTTP/1.1" 200 70889
::1 - - [21/Mar/2023:20:24:51 +0300] "-" 408 -
::1 - - [21/Mar/2023:20:29:00 +0300] "GET /hello.php HTTP/1.1" 200 228
::1 - - [21/Mar/2023:20:30:00 +0300] "-" 408 -
::1 - - [01/May/2023:15:10:45 +0300] "GET /hello.php HTTP/1.1" 200 306
::1 - - [01/May/2023:15:10:46 +0300] "GET /favicon.ico HTTP/1.1" 404 196
::1 - - [01/May/2023:15:11:33 +0300] "GET /hello.php HTTP/1.1" 200 238
::1 - - [01/May/2023:15:11:59 +0300] "GET /hello.php HTTP/1.1" 200 238
::1 - - [01/May/2023:15:12:59 +0300] "-" 408 -
::1 - - [01/May/2023:15:13:06 +0300] "GET /hello.php HTTP/1.1" 200 240
::1 - - [01/May/2023:15:14:06 +0300] "-" 408 -
::1 - - [01/May/2023:15:26:14 +0300] "GET /hello.php HTTP/1.1" 200 199
::1 - - [01/May/2023:15:26:30 +0300] "GET /hello.php HTTP/1.1" 200 199
::1 - - [01/May/2023:15:26:42 +0300] "GET /hello.php HTTP/1.1" 200 195
::1 - - [01/May/2023:15:26:53 +0300] "GET /hello.php HTTP/1.1" 200 195
::1 - - [01/May/2023:15:27:05 +0300] "GET /hello.php HTTP/1.1" 200 194
::1 - - [01/May/2023:15:28:05 +0300] "-" 408 -
::1 - - [22/May/2023:12:51:37 +0300] "GET /123_s.jpg HTTP/1.1" 404 196
::1 - - [22/May/2023:12:51:37 +0300] "OPTIONS /123_s.jpg HTTP/1.1" 200 -
::1 - - [22/May/2023:20:02:48 +0300] "GET /hello.php HTTP/1.1" 200 253
::1 - - [22/May/2023:20:02:50 +0300] "GET /favicon.ico HTTP/1.1" 404 196
::1 - - [22/May/2023:20:03:17 +0300] "GET /hello.php HTTP/1.1" 200 253
::1 - - [22/May/2023:20:04:17 +0300] "-" 408 -
::1 - - [22/May/2023:20:08:04 +0300] "GET /hello.php HTTP/1.1" 200 196
::1 - - [22/May/2023:20:08:16 +0300] "GET /hello.php HTTP/1.1" 200 195
::1 - - [22/May/2023:20:09:16 +0300] "-" 408 -
::1 - - [22/May/2023:20:10:22 +0300] "GET /hello.php HTTP/1.1" 200 161
::1 - - [22/May/2023:20:10:41 +0300] "GET /hello.php HTTP/1.1" 200 161
::1 - - [22/May/2023:20:10:54 +0300] "GET /hello.php HTTP/1.1" 200 195
::1 - - [22/May/2023:20:11:54 +0300] "-" 408 -
::1 - - [22/May/2023:20:52:59 +0300] "GET /hello.php HTTP/1.1" 200 596
::1 - - [22/May/2023:20:53:24 +0300] "GET /hello.php HTTP/1.1" 200 590
::1 - - [22/May/2023:20:54:24 +0300] "-" 408 -
::1 - - [22/May/2023:20:57:38 +0300] "GET /hello.php HTTP/1.1" 200 1156
::1 - - [22/May/2023:20:58:37 +0300] "-" 408 -
::1 - - [29/May/2023:15:19:49 +0300] "GET /hello.php HTTP/1.1" 200 196
::1 - - [29/May/2023:15:19:50 +0300] "GET /favicon.ico HTTP/1.1" 404 196
::1 - - [29/May/2023:15:20:06 +0300] "GET /hello.php HTTP/1.1" 200 193
::1 - - [29/May/2023:15:21:06 +0300] "-" 408 -
::1 - - [29/May/2023:15:21:26 +0300] "GET /hello.php HTTP/1.1" 200 4
::1 - - [29/May/2023:15:21:49 +0300] "GET /hello.php HTTP/1.1" 200 24
::1 - - [29/May/2023:15:22:49 +0300] "-" 408 -
::1 - - [29/May/2023:15:24:12 +0300] "GET /hello.php HTTP/1.1" 200 130
::1 - - [29/May/2023:15:24:46 +0300] "GET /hello.php HTTP/1.1" 200 30
::1 - - [29/May/2023:15:24:56 +0300] "GET /hello.php HTTP/1.1" 200 37
::1 - - [29/May/2023:15:25:56 +0300] "-" 408 -
::1 - - [29/May/2023:15:26:19 +0300] "GET /hello.php HTTP/1.1" 200 2
::1 - - [29/May/2023:15:27:19 +0300] "-" 408 -
::1 - - [29/May/2023:15:28:54 +0300] "GET /hello.php HTTP/1.1" 200 2
::1 - - [29/May/2023:15:29:25 +0300] "GET /hello.php HTTP/1.1" 200 103
::1 - - [29/May/2023:15:30:13 +0300] "GET /hello.php HTTP/1.1" 200 117
::1 - - [29/May/2023:15:31:06 +0300] "GET /hello.php HTTP/1.1" 200 110
::1 - - [29/May/2023:15:31:29 +0300] "GET /hello.php HTTP/1.1" 200 110
::1 - - [29/May/2023:15:31:37 +0300] "GET /hello.php HTTP/1.1" 200 171
::1 - - [29/May/2023:15:32:37 +0300] "-" 408 -
::1 - - [29/May/2023:15:39:28 +0300] "GET /hello.php HTTP/1.1" 200 2
::1 - - [29/May/2023:15:40:29 +0300] "-" 408 -
::1 - - [29/May/2023:15:44:22 +0300] "GET /hello.php HTTP/1.1" 200 63
::1 - - [29/May/2023:15:45:22 +0300] "-" 408 -
::1 - - [29/May/2023:15:46:10 +0300] "GET /hello.php HTTP/1.1" 200 129
::1 - - [29/May/2023:15:46:49 +0300] "GET /hello.php HTTP/1.1" 200 36
::1 - - [29/May/2023:15:47:49 +0300] "-" 408 -
::1 - - [02/Jun/2023:21:42:35 +0300] "GET /hello.php HTTP/1.1" 200 36
::1 - - [02/Jun/2023:21:42:36 +0300] "GET /favicon.ico HTTP/1.1" 404 196
::1 - - [02/Jun/2023:21:43:35 +0300] "-" 408 -
::1 - - [02/Jun/2023:21:50:45 +0300] "GET /hello.php HTTP/1.1" 200 15
::1 - - [02/Jun/2023:21:51:45 +0300] "-" 408 -
::1 - - [04/Jun/2023:00:45:15 +0300] "GET /hello.php HTTP/1.1" 200 305
::1 - - [04/Jun/2023:00:45:16 +0300] "GET /favicon.ico HTTP/1.1" 404 196
::1 - - [04/Jun/2023:00:45:25 +0300] "GET /hello.php HTTP/1.1" 200 304
::1 - - [04/Jun/2023:00:46:25 +0300] "-" 408 -
::1 - - [04/Jun/2023:01:04:35 +0300] "GET /hello.php HTTP/1.1" 200 390
::1 - - [04/Jun/2023:01:05:35 +0300] "-" 408 -
::1 - - [04/Jun/2023:01:09:48 +0300] "GET /hello.php HTTP/1.1" 200 198
::1 - - [04/Jun/2023:01:10:04 +0300] "GET /hello.php HTTP/1.1" 200 204
::1 - - [04/Jun/2023:01:11:04 +0300] "-" 408 -
::1 - - [04/Jun/2023:14:47:43 +0300] "GET /hello.php HTTP/1.1" 200 405
::1 - - [04/Jun/2023:14:47:45 +0300] "GET /hello.php HTTP/1.1" 200 405
::1 - - [04/Jun/2023:14:47:49 +0300] "GET /favicon.ico HTTP/1.1" 404 196
::1 - - [04/Jun/2023:14:48:45 +0300] "-" 408 -
::1 - - [04/Jun/2023:14:57:15 +0300] "GET /hello.php HTTP/1.1" 200 405
::1 - - [04/Jun/2023:14:57:17 +0300] "GET /hello.php HTTP/1.1" 200 405
::1 - - [04/Jun/2023:14:58:17 +0300] "-" 408 -
::1 - - [04/Jun/2023:15:02:51 +0300] "GET /hello.php HTTP/1.1" 200 189
::1 - - [04/Jun/2023:15:03:51 +0300] "-" 408 -
::1 - - [04/Jun/2023:15:24:30 +0300] "GET /index.php HTTP/1.1" 200 5
::1 - - [04/Jun/2023:15:25:30 +0300] "-" 408 -
::1 - - [04/Jun/2023:15:26:16 +0300] "GET /index.php HTTP/1.1" 200 54
::1 - - [04/Jun/2023:15:27:16 +0300] "-" 408 -
::1 - - [04/Jun/2023:15:29:25 +0300] "GET /index.php HTTP/1.1" 200 155
::1 - - [04/Jun/2023:15:30:25 +0300] "-" 408 -
::1 - - [04/Jun/2023:15:43:34 +0300] "GET /index.php HTTP/1.1" 200 154
::1 - - [04/Jun/2023:15:44:34 +0300] "-" 408 -
::1 - - [04/Jun/2023:22:27:17 +0300] "GET /index.php HTTP/1.1" 200 64
::1 - - [04/Jun/2023:22:28:17 +0300] "-" 408 -
::1 - - [04/Jun/2023:22:30:28 +0300] "GET /index.php HTTP/1.1" 200 23
::1 - - [04/Jun/2023:22:31:28 +0300] "-" 408 -
::1 - - [04/Jun/2023:22:47:14 +0300] "GET /index.php HTTP/1.1" 200 28
::1 - - [04/Jun/2023:22:47:16 +0300] "GET /favicon.ico HTTP/1.1" 404 196
::1 - - [04/Jun/2023:22:48:13 +0300] "-" 408 -
::1 - - [04/Jun/2023:22:48:43 +0300] "GET /index.php HTTP/1.1" 200 2
::1 - - [09/Jun/2023:18:35:01 +0300] "GET /hello.php HTTP/1.1" 200 189
::1 - - [09/Jun/2023:18:35:08 +0300] "GET /hello.php HTTP/1.1" 200 189
::1 - - [09/Jun/2023:18:35:10 +0300] "GET /index.php HTTP/1.1" 200 4
::1 - - [09/Jun/2023:18:35:14 +0300] "GET /favicon.ico HTTP/1.1" 404 196
127.0.0.1 - - [09/Jun/2023:18:36:10 +0300] "-" 408 -
::1 - - [09/Jun/2023:18:38:41 +0300] "GET /index.php HTTP/1.1" 200 154
::1 - - [09/Jun/2023:18:39:41 +0300] "-" 408 -
::1 - - [09/Jun/2023:18:42:35 +0300] "GET /index.php HTTP/1.1" 200 154
::1 - - [09/Jun/2023:18:42:47 +0300] "GET /index.php HTTP/1.1" 200 154
::1 - - [09/Jun/2023:18:42:49 +0300] "GET /index.php HTTP/1.1" 200 154
::1 - - [09/Jun/2023:18:43:07 +0300] "GET /index.php HTTP/1.1" 200 154
::1 - - [09/Jun/2023:18:43:29 +0300] "GET /index.php HTTP/1.1" 200 154
::1 - - [09/Jun/2023:18:43:39 +0300] "GET /index.php HTTP/1.1" 200 -
::1 - - [09/Jun/2023:18:43:54 +0300] "GET /index.php HTTP/1.1" 200 -
::1 - - [09/Jun/2023:18:44:54 +0300] "-" 408 -
::1 - - [09/Jun/2023:18:45:17 +0300] "GET /index.php HTTP/1.1" 200 358
::1 - - [09/Jun/2023:18:45:49 +0300] "GET /index.php HTTP/1.1" 200 204
::1 - - [09/Jun/2023:18:46:00 +0300] "GET /index.php HTTP/1.1" 200 358
::1 - - [09/Jun/2023:18:46:57 +0300] "GET /index.php HTTP/1.1" 200 1
::1 - - [09/Jun/2023:18:47:12 +0300] "GET /index.php HTTP/1.1" 200 154
::1 - - [09/Jun/2023:18:47:30 +0300] "GET /index.php HTTP/1.1" 200 1
::1 - - [09/Jun/2023:18:47:54 +0300] "GET /index.php HTTP/1.1" 200 2
::1 - - [09/Jun/2023:18:48:53 +0300] "-" 408 -
::1 - - [09/Jun/2023:18:53:24 +0300] "GET /index.php HTTP/1.1" 200 11
::1 - - [09/Jun/2023:18:53:43 +0300] "GET /index.php HTTP/1.1" 200 118
::1 - - [09/Jun/2023:18:53:57 +0300] "GET /index.php HTTP/1.1" 200 17
::1 - - [09/Jun/2023:18:54:56 +0300] "-" 408 -
::1 - - [09/Jun/2023:19:00:46 +0300] "GET /index.php HTTP/1.1" 200 17
::1 - - [09/Jun/2023:19:01:08 +0300] "GET /index.php HTTP/1.1" 200 33
::1 - - [09/Jun/2023:19:02:08 +0300] "-" 408 -
::1 - - [09/Jun/2023:19:02:43 +0300] "GET /index.php HTTP/1.1" 200 205
::1 - - [09/Jun/2023:19:02:59 +0300] "GET /index.php HTTP/1.1" 200 2
::1 - - [09/Jun/2023:19:03:15 +0300] "GET /index.php HTTP/1.1" 200 3
::1 - - [09/Jun/2023:19:03:26 +0300] "GET /index.php HTTP/1.1" 200 1
::1 - - [09/Jun/2023:19:04:14 +0300] "GET /index.php HTTP/1.1" 200 138
::1 - - [09/Jun/2023:19:04:50 +0300] "GET /index.php HTTP/1.1" 200 2
::1 - - [09/Jun/2023:19:05:50 +0300] "-" 408 -
::1 - - [10/Jun/2023:12:24:51 +0300] "GET /hello.php HTTP/1.1" 200 189
::1 - - [10/Jun/2023:12:24:54 +0300] "GET /index.php HTTP/1.1" 200 171
::1 - - [10/Jun/2023:12:25:01 +0300] "GET /favicon.ico HTTP/1.1" 404 196
::1 - - [10/Jun/2023:12:29:34 +0300] "GET /index.php HTTP/1.1" 200 6
::1 - - [10/Jun/2023:12:30:34 +0300] "-" 408 -
::1 - - [10/Jun/2023:12:49:25 +0300] "GET /index.php HTTP/1.1" 200 71
::1 - - [10/Jun/2023:12:49:37 +0300] "GET /index.php HTTP/1.1" 200 83
::1 - - [10/Jun/2023:12:50:36 +0300] "-" 408 -
::1 - - [10/Jun/2023:12:56:03 +0300] "GET /index.php HTTP/1.1" 200 4
::1 - - [10/Jun/2023:12:57:02 +0300] "-" 408 -
::1 - - [10/Jun/2023:13:02:45 +0300] "GET /index.php HTTP/1.1" 200 99
::1 - - [10/Jun/2023:13:03:45 +0300] "-" 408 -
::1 - - [10/Jun/2023:13:16:57 +0300] "GET /index.php HTTP/1.1" 200 99
::1 - - [10/Jun/2023:13:17:15 +0300] "GET /main.html HTTP/1.1" 404 196
::1 - - [10/Jun/2023:13:18:15 +0300] "-" 408 -
::1 - - [15/Jun/2023:20:54:19 +0300] "GET /index.php HTTP/1.1" 200 109
::1 - - [15/Jun/2023:20:54:23 +0300] "GET /favicon.ico HTTP/1.1" 404 196
::1 - - [15/Jun/2023:20:55:18 +0300] "-" 408 -
::1 - - [15/Jun/2023:20:56:06 +0300] "GET /index.php HTTP/1.1" 200 4
::1 - - [15/Jun/2023:20:57:06 +0300] "-" 408 -
::1 - - [18/Jun/2023:18:31:18 +0300] "GET /index.php HTTP/1.1" 200 4
::1 - - [18/Jun/2023:18:31:18 +0300] "GET /favicon.ico HTTP/1.1" 404 196
::1 - - [18/Jun/2023:18:32:18 +0300] "-" 408 -
::1 - - [18/Jun/2023:18:34:23 +0300] "GET /index.php HTTP/1.1" 200 5
::1 - - [18/Jun/2023:18:35:23 +0300] "-" 408 -
::1 - - [18/Jun/2023:18:50:40 +0300] "GET /index.php HTTP/1.1" 200 4
::1 - - [18/Jun/2023:18:51:40 +0300] "-" 408 -
::1 - - [18/Jun/2023:19:56:55 +0300] "GET /index.php HTTP/1.1" 200 99
::1 - - [18/Jun/2023:19:57:55 +0300] "-" 408 -
::1 - - [19/Jun/2023:19:17:44 +0300] "GET /index.php HTTP/1.1" 200 4
::1 - - [19/Jun/2023:19:17:48 +0300] "GET /index.php HTTP/1.1" 200 4
::1 - - [19/Jun/2023:19:17:52 +0300] "GET /favicon.ico HTTP/1.1" 404 196
::1 - - [19/Jun/2023:19:18:48 +0300] "-" 408 -
::1 - - [19/Jun/2023:19:19:33 +0300] "GET /index.php HTTP/1.1" 200 44
::1 - - [19/Jun/2023:19:20:33 +0300] "-" 408 -
::1 - - [19/Jun/2023:19:25:42 +0300] "GET /index.php HTTP/1.1" 200 74
::1 - - [19/Jun/2023:19:26:42 +0300] "-" 408 -
::1 - - [19/Jun/2023:19:27:39 +0300] "GET /index.php HTTP/1.1" 200 37
::1 - - [19/Jun/2023:19:28:39 +0300] "-" 408 -
::1 - - [19/Jun/2023:19:31:24 +0300] "GET /index.php HTTP/1.1" 200 11
::1 - - [19/Jun/2023:19:31:35 +0300] "GET /index.php HTTP/1.1" 200 13
::1 - - [19/Jun/2023:19:32:15 +0300] "GET /index.php HTTP/1.1" 200 2
::1 - - [19/Jun/2023:19:32:37 +0300] "GET /index.php HTTP/1.1" 200 2
::1 - - [19/Jun/2023:19:32:55 +0300] "GET /index.php HTTP/1.1" 200 142
::1 - - [19/Jun/2023:19:33:25 +0300] "GET /index.php HTTP/1.1" 200 13
::1 - - [19/Jun/2023:19:34:25 +0300] "-" 408 -
::1 - - [19/Jun/2023:19:35:05 +0300] "GET /index.php HTTP/1.1" 200 135
::1 - - [19/Jun/2023:19:36:05 +0300] "-" 408 -
::1 - - [19/Jun/2023:19:40:57 +0300] "GET /index.php HTTP/1.1" 200 2
::1 - - [19/Jun/2023:19:41:25 +0300] "GET /index.php HTTP/1.1" 200 2
::1 - - [19/Jun/2023:19:41:44 +0300] "GET /index.php HTTP/1.1" 200 221
::1 - - [19/Jun/2023:19:42:10 +0300] "GET /index.php HTTP/1.1" 200 2
::1 - - [19/Jun/2023:19:43:10 +0300] "-" 408 -
::1 - - [19/Jun/2023:19:46:17 +0300] "GET /index.php HTTP/1.1" 200 23
::1 - - [19/Jun/2023:19:47:17 +0300] "-" 408 -
::1 - - [19/Jun/2023:19:47:51 +0300] "GET /index.php HTTP/1.1" 200 217
::1 - - [19/Jun/2023:19:48:36 +0300] "GET /index.php HTTP/1.1" 200 24
::1 - - [19/Jun/2023:19:49:16 +0300] "GET /index.php HTTP/1.1" 200 40
::1 - - [19/Jun/2023:19:50:16 +0300] "-" 408 -
::1 - - [01/Jul/2023:16:02:47 +0300] "GET /index.php HTTP/1.1" 404 196
::1 - - [01/Jul/2023:16:02:52 +0300] "GET /main.php HTTP/1.1" 200 10441
::1 - - [01/Jul/2023:16:03:04 +0300] "GET /index.css HTTP/1.1" 200 15214
::1 - - [01/Jul/2023:16:03:19 +0300] "GET /Vector.png HTTP/1.1" 200 794
::1 - - [01/Jul/2023:16:03:42 +0300] "GET /foots.png HTTP/1.1" 200 1053
::1 - - [01/Jul/2023:16:04:00 +0300] "GET /inst.png HTTP/1.1" 200 521
::1 - - [01/Jul/2023:16:04:00 +0300] "GET /mask1.png HTTP/1.1" 200 330
::1 - - [01/Jul/2023:16:04:00 +0300] "GET /mask2.png HTTP/1.1" 200 395
::1 - - [01/Jul/2023:16:04:02 +0300] "GET /dogs.png HTTP/1.1" 200 772771
::1 - - [01/Jul/2023:16:04:03 +0300] "GET /gerta.png HTTP/1.1" 200 87819
::1 - - [01/Jul/2023:16:04:03 +0300] "GET /majlo.png HTTP/1.1" 200 88542
::1 - - [01/Jul/2023:16:04:16 +0300] "GET /charlie.png HTTP/1.1" 200 89928
::1 - - [01/Jul/2023:16:04:16 +0300] "GET /martin.png HTTP/1.1" 200 91269
::1 - - [01/Jul/2023:16:04:16 +0300] "GET /linda.png HTTP/1.1" 200 100649
::1 - - [01/Jul/2023:16:04:24 +0300] "GET /denzel.png HTTP/1.1" 200 88439
::1 - - [01/Jul/2023:16:04:24 +0300] "GET /zelda.png HTTP/1.1" 200 83887
::1 - - [01/Jul/2023:16:04:24 +0300] "GET /poncho.png HTTP/1.1" 200 86698
::1 - - [01/Jul/2023:16:04:26 +0300] "GET /dog_play.png HTTP/1.1" 200 301930
::1 - - [01/Jul/2023:16:04:26 +0300] "GET /dog_water.png HTTP/1.1" 200 288883
::1 - - [01/Jul/2023:16:04:26 +0300] "GET /dog_train.png HTTP/1.1" 200 328737
::1 - - [01/Jul/2023:16:04:31 +0300] "GET /sms.png HTTP/1.1" 200 469
::1 - - [01/Jul/2023:16:04:31 +0300] "GET /call.png HTTP/1.1" 200 607
::1 - - [01/Jul/2023:16:04:33 +0300] "GET /inst2.png HTTP/1.1" 200 750
::1 - - [01/Jul/2023:16:04:33 +0300] "GET /vk2.png HTTP/1.1" 200 519
::1 - - [01/Jul/2023:16:04:33 +0300] "GET /tg2.png HTTP/1.1" 200 567
::1 - - [01/Jul/2023:16:04:34 +0300] "GET /location.png HTTP/1.1" 200 579
::1 - - [01/Jul/2023:16:04:44 +0300] "GET /favicon.ico HTTP/1.1" 404 196
::1 - - [01/Jul/2023:21:06:45 +0300] "GET /index.php HTTP/1.1" 404 196
::1 - - [01/Jul/2023:21:06:47 +0300] "GET /main.php HTTP/1.1" 200 10441
::1 - - [01/Jul/2023:21:06:48 +0300] "GET /index.css HTTP/1.1" 200 15214
::1 - - [01/Jul/2023:21:06:48 +0300] "GET /Vector.png HTTP/1.1" 200 794
::1 - - [01/Jul/2023:21:06:48 +0300] "GET /inst.png HTTP/1.1" 200 521
::1 - - [01/Jul/2023:21:06:48 +0300] "GET /foots.png HTTP/1.1" 200 1053
::1 - - [01/Jul/2023:21:06:48 +0300] "GET /mask1.png HTTP/1.1" 200 330
::1 - - [01/Jul/2023:21:06:48 +0300] "GET /mask2.png HTTP/1.1" 200 395
::1 - - [01/Jul/2023:21:06:49 +0300] "GET /charlie.png HTTP/1.1" 200 89928
::1 - - [01/Jul/2023:21:06:49 +0300] "GET /majlo.png HTTP/1.1" 200 88542
::1 - - [01/Jul/2023:21:06:49 +0300] "GET /dogs.png HTTP/1.1" 200 772771
::1 - - [01/Jul/2023:21:06:49 +0300] "GET /gerta.png HTTP/1.1" 200 87819
::1 - - [01/Jul/2023:21:06:49 +0300] "GET /martin.png HTTP/1.1" 200 91269
::1 - - [01/Jul/2023:21:06:49 +0300] "GET /zelda.png HTTP/1.1" 200 83887
::1 - - [01/Jul/2023:21:06:49 +0300] "GET /linda.png HTTP/1.1" 200 100649
::1 - - [01/Jul/2023:21:06:49 +0300] "GET /denzel.png HTTP/1.1" 200 88439
::1 - - [01/Jul/2023:21:06:49 +0300] "GET /poncho.png HTTP/1.1" 200 86698
::1 - - [01/Jul/2023:21:06:49 +0300] "GET /dog_water.png HTTP/1.1" 200 288883
::1 - - [01/Jul/2023:21:06:49 +0300] "GET /dog_play.png HTTP/1.1" 200 301930
::1 - - [01/Jul/2023:21:06:49 +0300] "GET /sms.png HTTP/1.1" 200 469
::1 - - [01/Jul/2023:21:06:49 +0300] "GET /dog_train.png HTTP/1.1" 200 328737
::1 - - [01/Jul/2023:21:06:49 +0300] "GET /call.png HTTP/1.1" 200 607
::1 - - [01/Jul/2023:21:06:49 +0300] "GET /inst2.png HTTP/1.1" 200 750
::1 - - [01/Jul/2023:21:06:50 +0300] "GET /vk2.png HTTP/1.1" 200 519
::1 - - [01/Jul/2023:21:06:50 +0300] "GET /location.png HTTP/1.1" 200 579
::1 - - [01/Jul/2023:21:06:50 +0300] "GET /tg2.png HTTP/1.1" 200 567
::1 - - [01/Jul/2023:21:06:50 +0300] "GET /favicon.ico HTTP/1.1" 404 196
::1 - - [01/Jul/2023:21:09:38 +0300] "GET /main.php HTTP/1.1" 200 10464
::1 - - [01/Jul/2023:21:09:42 +0300] "GET /main.php HTTP/1.1" 200 10464
::1 - - [01/Jul/2023:21:10:02 +0300] "GET /main.php HTTP/1.1" 200 10487
::1 - - [01/Jul/2023:21:10:53 +0300] "GET /main.php HTTP/1.1" 200 10498
::1 - - [01/Jul/2023:21:10:55 +0300] "GET /about.php HTTP/1.1" 404 196
::1 - - [01/Jul/2023:21:11:53 +0300] "-" 408 -
::1 - - [01/Jul/2023:21:12:20 +0300] "GET /main.php HTTP/1.1" 200 10498
::1 - - [01/Jul/2023:21:12:29 +0300] "GET /main.php HTTP/1.1" 200 10498
::1 - - [01/Jul/2023:21:13:18 +0300] "GET /main.php HTTP/1.1" 200 10498
::1 - - [01/Jul/2023:21:14:18 +0300] "-" 408 -
::1 - - [01/Jul/2023:21:14:27 +0300] "GET /main.php HTTP/1.1" 200 10562
::1 - - [01/Jul/2023:21:15:27 +0300] "-" 408 -
::1 - - [01/Jul/2023:21:31:32 +0300] "GET /main.php HTTP/1.1" 200 10603
::1 - - [01/Jul/2023:21:32:32 +0300] "-" 408 -
::1 - - [01/Jul/2023:21:34:53 +0300] "GET /main.php HTTP/1.1" 200 10703
::1 - - [01/Jul/2023:21:35:53 +0300] "-" 408 -
::1 - - [01/Jul/2023:21:45:18 +0300] "GET /main.php HTTP/1.1" 200 10703
::1 - - [01/Jul/2023:21:45:18 +0300] "GET /index.css HTTP/1.1" 200 15214
::1 - - [01/Jul/2023:21:46:18 +0300] "-" 408 -
::1 - - [01/Jul/2023:21:46:19 +0300] "GET /main.php HTTP/1.1" 200 10727
::1 - - [01/Jul/2023:21:46:23 +0300] "GET /pets.php HTTP/1.1" 404 196
::1 - - [01/Jul/2023:21:46:27 +0300] "GET /help.php HTTP/1.1" 404 196
::1 - - [01/Jul/2023:21:47:19 +0300] "-" 408 -
::1 - - [01/Jul/2023:21:48:08 +0300] "GET /main.php HTTP/1.1" 200 10750
::1 - - [01/Jul/2023:21:49:08 +0300] "-" 408 -
::1 - - [01/Jul/2023:21:49:09 +0300] "GET /main.php HTTP/1.1" 200 10750
::1 - - [01/Jul/2023:21:49:10 +0300] "GET /index.css HTTP/1.1" 304 -
::1 - - [01/Jul/2023:21:50:09 +0300] "-" 408 -
::1 - - [01/Jul/2023:21:50:20 +0300] "GET /pets.php HTTP/1.1" 404 196
::1 - - [01/Jul/2023:21:50:25 +0300] "GET /main.php HTTP/1.1" 200 10761
::1 - - [01/Jul/2023:21:50:56 +0300] "GET /main.php HTTP/1.1" 200 10759
::1 - - [01/Jul/2023:21:51:56 +0300] "-" 408 -
::1 - - [01/Jul/2023:21:54:49 +0300] "GET /main.php HTTP/1.1" 200 10912
::1 - - [01/Jul/2023:21:54:49 +0300] "GET /index.css HTTP/1.1" 304 -
::1 - - [01/Jul/2023:21:55:49 +0300] "-" 408 -
::1 - - [01/Jul/2023:21:56:08 +0300] "GET /main.php HTTP/1.1" 200 10974
::1 - - [01/Jul/2023:21:56:34 +0300] "GET /main.php HTTP/1.1" 200 10972
::1 - - [01/Jul/2023:21:57:34 +0300] "-" 408 -
::1 - - [01/Jul/2023:22:00:15 +0300] "GET /main.php HTTP/1.1" 200 11072
::1 - - [01/Jul/2023:22:00:15 +0300] "GET /index.css HTTP/1.1" 304 -
::1 - - [01/Jul/2023:22:01:15 +0300] "-" 408 -
::1 - - [01/Jul/2023:22:02:37 +0300] "GET /main.php HTTP/1.1" 200 11083
::1 - - [01/Jul/2023:22:03:37 +0300] "-" 408 -
::1 - - [01/Jul/2023:22:12:20 +0300] "GET /main.php HTTP/1.1" 200 11155
::1 - - [01/Jul/2023:22:12:20 +0300] "GET /index.css HTTP/1.1" 304 -
::1 - - [01/Jul/2023:22:12:21 +0300] "GET /favicon_io/favicon.ico HTTP/1.1" 200 15406
::1 - - [01/Jul/2023:22:13:20 +0300] "-" 408 -
::1 - - [01/Jul/2023:22:17:01 +0300] "-" 408 -
::1 - - [01/Jul/2023:22:22:48 +0300] "GET /main.php HTTP/1.1" 200 11155
::1 - - [01/Jul/2023:22:22:49 +0300] "GET /index.css HTTP/1.1" 200 15392
::1 - - [01/Jul/2023:22:23:01 +0300] "GET /index.css HTTP/1.1" 304 -
::1 - - [01/Jul/2023:22:24:50 +0300] "GET /main.php HTTP/1.1" 200 11155
::1 - - [01/Jul/2023:22:24:50 +0300] "GET /index.css HTTP/1.1" 304 -
::1 - - [01/Jul/2023:22:25:50 +0300] "-" 408 -
::1 - - [01/Jul/2023:22:28:16 +0300] "GET /main.php HTTP/1.1" 200 11155
::1 - - [01/Jul/2023:22:28:16 +0300] "GET /index.css HTTP/1.1" 304 -
::1 - - [01/Jul/2023:22:29:16 +0300] "-" 408 -
::1 - - [01/Jul/2023:22:33:10 +0300] "GET /favicon.ico HTTP/1.1" 404 196
::1 - - [01/Jul/2023:22:33:17 +0300] "GET /index.css HTTP/1.1" 304 -
::1 - - [01/Jul/2023:22:35:18 +0300] "GET /main.php HTTP/1.1" 200 11155
::1 - - [01/Jul/2023:22:35:19 +0300] "GET /index.css HTTP/1.1" 304 -
::1 - - [01/Jul/2023:22:35:19 +0300] "GET /favicon_io/favicon.ico HTTP/1.1" 304 -
::1 - - [01/Jul/2023:22:35:51 +0300] "GET /main.php HTTP/1.1" 200 11155
::1 - - [01/Jul/2023:22:35:55 +0300] "GET /main.php HTTP/1.1" 200 11155
::1 - - [01/Jul/2023:22:35:56 +0300] "GET /main.php HTTP/1.1" 200 11155
::1 - - [01/Jul/2023:22:36:20 +0300] "GET /main.php HTTP/1.1" 200 11155
::1 - - [01/Jul/2023:22:37:20 +0300] "-" 408 -
::1 - - [01/Jul/2023:22:37:24 +0300] "GET /main.php HTTP/1.1" 200 11155
::1 - - [01/Jul/2023:22:37:24 +0300] "GET /index.css HTTP/1.1" 200 15400
::1 - - [01/Jul/2023:22:37:51 +0300] "GET /main.php HTTP/1.1" 200 11155
::1 - - [01/Jul/2023:22:37:51 +0300] "GET /index.css HTTP/1.1" 200 15423
::1 - - [01/Jul/2023:22:38:07 +0300] "GET /main.php HTTP/1.1" 200 11155
::1 - - [01/Jul/2023:22:38:07 +0300] "GET /index.css HTTP/1.1" 200 15423
::1 - - [01/Jul/2023:22:38:17 +0300] "GET /main.php HTTP/1.1" 200 11155
::1 - - [01/Jul/2023:22:38:17 +0300] "GET /index.css HTTP/1.1" 304 -
::1 - - [01/Jul/2023:22:38:19 +0300] "GET /main.php HTTP/1.1" 200 11155
::1 - - [01/Jul/2023:22:38:19 +0300] "GET /index.css HTTP/1.1" 200 15421
::1 - - [01/Jul/2023:22:38:31 +0300] "GET /main.php HTTP/1.1" 200 11155
::1 - - [01/Jul/2023:22:38:31 +0300] "GET /index.css HTTP/1.1" 200 15423
::1 - - [01/Jul/2023:22:38:36 +0300] "GET /main.php HTTP/1.1" 200 11155
::1 - - [01/Jul/2023:22:38:36 +0300] "GET /index.css HTTP/1.1" 200 15423
::1 - - [01/Jul/2023:22:38:46 +0300] "GET /main.php HTTP/1.1" 200 11155
::1 - - [01/Jul/2023:22:38:46 +0300] "GET /index.css HTTP/1.1" 200 15423
::1 - - [01/Jul/2023:22:38:52 +0300] "GET /main.php HTTP/1.1" 200 11155
::1 - - [01/Jul/2023:22:38:52 +0300] "GET /index.css HTTP/1.1" 200 15423
::1 - - [01/Jul/2023:22:39:02 +0300] "GET /main.php HTTP/1.1" 200 11155
::1 - - [01/Jul/2023:22:39:02 +0300] "GET /index.css HTTP/1.1" 200 15423
::1 - - [01/Jul/2023:22:39:11 +0300] "GET /main.php HTTP/1.1" 200 11155
::1 - - [01/Jul/2023:22:39:11 +0300] "GET /index.css HTTP/1.1" 200 15423
::1 - - [01/Jul/2023:22:39:21 +0300] "GET /index.css HTTP/1.1" 304 -
::1 - - [01/Jul/2023:22:55:39 +0300] "GET /main.php HTTP/1.1" 200 11155
::1 - - [01/Jul/2023:22:55:39 +0300] "GET /index.css HTTP/1.1" 200 15473
::1 - - [01/Jul/2023:22:55:57 +0300] "GET /main.php HTTP/1.1" 200 11155
::1 - - [01/Jul/2023:22:55:57 +0300] "GET /index.css HTTP/1.1" 200 15449
::1 - - [01/Jul/2023:22:56:04 +0300] "GET /main.php HTTP/1.1" 200 11155
::1 - - [01/Jul/2023:22:56:04 +0300] "GET /index.css HTTP/1.1" 200 15473
::1 - - [01/Jul/2023:22:56:04 +0300] "GET /favicon_io/favicon.ico HTTP/1.1" 304 -
::1 - - [01/Jul/2023:22:56:15 +0300] "GET /main.php HTTP/1.1" 200 11155
::1 - - [01/Jul/2023:22:56:16 +0300] "GET /index.css HTTP/1.1" 200 15473
::1 - - [01/Jul/2023:22:56:24 +0300] "GET /index.css HTTP/1.1" 200 15473
::1 - - [01/Jul/2023:22:56:24 +0300] "GET /main.php HTTP/1.1" 200 11155
::1 - - [01/Jul/2023:22:56:47 +0300] "GET /main.php HTTP/1.1" 200 11155
::1 - - [01/Jul/2023:22:56:48 +0300] "GET /index.css HTTP/1.1" 200 15455
::1 - - [01/Jul/2023:22:57:04 +0300] "GET /main.php HTTP/1.1" 200 11155
::1 - - [01/Jul/2023:22:57:05 +0300] "GET /index.css HTTP/1.1" 200 15475
::1 - - [01/Jul/2023:22:57:12 +0300] "GET /main.php HTTP/1.1" 200 11155
::1 - - [01/Jul/2023:22:57:13 +0300] "GET /index.css HTTP/1.1" 200 15475
::1 - - [01/Jul/2023:22:57:23 +0300] "GET /main.php HTTP/1.1" 200 11155
::1 - - [01/Jul/2023:22:57:23 +0300] "GET /index.css HTTP/1.1" 200 15475
::1 - - [01/Jul/2023:22:57:54 +0300] "GET /main.php HTTP/1.1" 200 11155
::1 - - [01/Jul/2023:22:57:54 +0300] "GET /index.css HTTP/1.1" 200 15497
::1 - - [01/Jul/2023:22:57:59 +0300] "GET /main.php HTTP/1.1" 200 11155
::1 - - [01/Jul/2023:22:57:59 +0300] "GET /index.css HTTP/1.1" 200 15497
::1 - - [01/Jul/2023:22:58:04 +0300] "GET /main.php HTTP/1.1" 200 11155
::1 - - [01/Jul/2023:22:58:04 +0300] "GET /index.css HTTP/1.1" 200 15497
::1 - - [01/Jul/2023:22:58:11 +0300] "GET /main.php HTTP/1.1" 200 11155
::1 - - [01/Jul/2023:22:58:11 +0300] "GET /index.css HTTP/1.1" 200 15497
::1 - - [01/Jul/2023:22:58:17 +0300] "GET /main.php HTTP/1.1" 200 11155
::1 - - [01/Jul/2023:22:58:17 +0300] "GET /index.css HTTP/1.1" 200 15497
::1 - - [01/Jul/2023:22:58:23 +0300] "GET /main.php HTTP/1.1" 200 11155
::1 - - [01/Jul/2023:22:58:23 +0300] "GET /index.css HTTP/1.1" 200 15497
::1 - - [01/Jul/2023:22:58:46 +0300] "GET /main.php HTTP/1.1" 200 11155
::1 - - [01/Jul/2023:22:58:46 +0300] "GET /index.css HTTP/1.1" 200 15497
::1 - - [01/Jul/2023:22:58:54 +0300] "GET /main.php HTTP/1.1" 200 11155
::1 - - [01/Jul/2023:22:58:54 +0300] "GET /index.css HTTP/1.1" 200 15497
::1 - - [01/Jul/2023:22:59:15 +0300] "GET /main.php HTTP/1.1" 200 11155
::1 - - [01/Jul/2023:22:59:16 +0300] "GET /index.css HTTP/1.1" 200 15497
::1 - - [01/Jul/2023:22:59:26 +0300] "GET /main.php HTTP/1.1" 200 11155
::1 - - [01/Jul/2023:22:59:26 +0300] "GET /index.css HTTP/1.1" 200 15497
::1 - - [01/Jul/2023:23:00:26 +0300] "-" 408 -
::1 - - [02/Jul/2023:17:39:00 +0300] "GET /main.php HTTP/1.1" 200 11218
::1 - - [02/Jul/2023:17:39:01 +0300] "GET /images/foots.png HTTP/1.1" 200 1053
::1 - - [02/Jul/2023:17:39:01 +0300] "GET /images/Vector.png HTTP/1.1" 200 794
::1 - - [02/Jul/2023:17:39:01 +0300] "GET /index.css HTTP/1.1" 304 -
::1 - - [02/Jul/2023:17:39:01 +0300] "GET /images/inst.png HTTP/1.1" 200 521
::1 - - [02/Jul/2023:17:39:01 +0300] "GET /gerta.png HTTP/1.1" 404 196
::1 - - [02/Jul/2023:17:39:01 +0300] "GET /martin.png HTTP/1.1" 404 196
::1 - - [02/Jul/2023:17:39:01 +0300] "GET /images/mask1.png HTTP/1.1" 200 330
::1 - - [02/Jul/2023:17:39:01 +0300] "GET /images/majlo.png HTTP/1.1" 200 88542
::1 - - [02/Jul/2023:17:39:01 +0300] "GET /images/dogs.png HTTP/1.1" 200 772771
::1 - - [02/Jul/2023:17:39:01 +0300] "GET /images/mask2.png HTTP/1.1" 200 395
::1 - - [02/Jul/2023:17:39:01 +0300] "GET /charlie.png HTTP/1.1" 404 196
::1 - - [02/Jul/2023:17:39:01 +0300] "GET /linda.png HTTP/1.1" 404 196
::1 - - [02/Jul/2023:17:39:01 +0300] "GET /zelda.png HTTP/1.1" 404 196
::1 - - [02/Jul/2023:17:39:01 +0300] "GET /poncho.png HTTP/1.1" 404 196
::1 - - [02/Jul/2023:17:39:01 +0300] "GET /denzel.png HTTP/1.1" 404 196
::1 - - [02/Jul/2023:17:39:01 +0300] "GET /dog_water.png HTTP/1.1" 404 196
::1 - - [02/Jul/2023:17:39:01 +0300] "GET /dog_play.png HTTP/1.1" 404 196
::1 - - [02/Jul/2023:17:39:02 +0300] "GET /dog_train.png HTTP/1.1" 404 196
::1 - - [02/Jul/2023:17:39:02 +0300] "GET /sms.png HTTP/1.1" 404 196
::1 - - [02/Jul/2023:17:39:02 +0300] "GET /call.png HTTP/1.1" 404 196
::1 - - [02/Jul/2023:17:39:02 +0300] "GET /inst2.png HTTP/1.1" 404 196
::1 - - [02/Jul/2023:17:39:02 +0300] "GET /vk2.png HTTP/1.1" 404 196
::1 - - [02/Jul/2023:17:39:02 +0300] "GET /tg2.png HTTP/1.1" 404 196
::1 - - [02/Jul/2023:17:39:02 +0300] "GET /location.png HTTP/1.1" 404 196
::1 - - [02/Jul/2023:17:40:56 +0300] "GET /main.php HTTP/1.1" 200 11290
::1 - - [02/Jul/2023:17:40:59 +0300] "GET /images/charlie.png HTTP/1.1" 200 89928
::1 - - [02/Jul/2023:17:40:59 +0300] "GET /images/martin.png HTTP/1.1" 200 91269
::1 - - [02/Jul/2023:17:40:59 +0300] "GET /images/gerta.png HTTP/1.1" 200 87819
::1 - - [02/Jul/2023:17:40:59 +0300] "GET /images/linda.png HTTP/1.1" 200 100649
::1 - - [02/Jul/2023:17:41:00 +0300] "GET /images/zelda.png HTTP/1.1" 200 83887
::1 - - [02/Jul/2023:17:41:00 +0300] "GET /images/poncho.png HTTP/1.1" 200 86698
::1 - - [02/Jul/2023:17:41:01 +0300] "GET /images/denzel.png HTTP/1.1" 200 88439
::1 - - [02/Jul/2023:17:41:01 +0300] "GET /images/dog_play.png HTTP/1.1" 200 301930
::1 - - [02/Jul/2023:17:41:01 +0300] "GET /images/dog_water.png HTTP/1.1" 200 288883
::1 - - [02/Jul/2023:17:41:01 +0300] "GET /images/dog_train.png HTTP/1.1" 200 328737
::1 - - [02/Jul/2023:17:41:03 +0300] "GET /images/call.png HTTP/1.1" 200 607
::1 - - [02/Jul/2023:17:41:03 +0300] "GET /images/inst2.png HTTP/1.1" 200 750
::1 - - [02/Jul/2023:17:41:03 +0300] "GET /images/sms.png HTTP/1.1" 200 469
::1 - - [02/Jul/2023:17:41:04 +0300] "GET /images/vk2.png HTTP/1.1" 200 519
::1 - - [02/Jul/2023:17:41:04 +0300] "GET /images/tg2.png HTTP/1.1" 200 567
::1 - - [02/Jul/2023:17:41:04 +0300] "GET /images/location.png HTTP/1.1" 200 579
::1 - - [02/Jul/2023:17:41:06 +0300] "GET /favicon_io/favicon.ico HTTP/1.1" 304 -
::1 - - [02/Jul/2023:17:43:02 +0300] "GET /main.php HTTP/1.1" 200 11290
::1 - - [02/Jul/2023:17:43:15 +0300] "GET /main.php HTTP/1.1" 200 11290
::1 - - [02/Jul/2023:17:43:36 +0300] "GET /main.php HTTP/1.1" 200 11290
::1 - - [02/Jul/2023:17:44:36 +0300] "-" 408 -
::1 - - [02/Jul/2023:17:44:39 +0300] "GET /main.php HTTP/1.1" 200 11290
::1 - - [02/Jul/2023:17:44:43 +0300] "GET /main.php HTTP/1.1" 200 11290
::1 - - [02/Jul/2023:17:44:51 +0300] "GET /main.php HTTP/1.1" 200 11290
::1 - - [02/Jul/2023:17:45:15 +0300] "GET /main.php HTTP/1.1" 200 11290
::1 - - [02/Jul/2023:17:45:52 +0300] "GET /main.php HTTP/1.1" 200 11290
::1 - - [02/Jul/2023:17:46:06 +0300] "GET /main.php HTTP/1.1" 200 11290
::1 - - [02/Jul/2023:17:46:19 +0300] "GET /main.php HTTP/1.1" 200 11290
::1 - - [02/Jul/2023:17:46:37 +0300] "GET /main.php HTTP/1.1" 200 11290
::1 - - [02/Jul/2023:17:46:50 +0300] "GET /main.php HTTP/1.1" 200 11290
::1 - - [02/Jul/2023:17:47:12 +0300] "GET /main.php HTTP/1.1" 200 11290
::1 - - [02/Jul/2023:17:48:09 +0300] "GET /main.php HTTP/1.1" 200 11290
::1 - - [02/Jul/2023:17:48:20 +0300] "GET /main.php HTTP/1.1" 200 11290
::1 - - [02/Jul/2023:17:48:38 +0300] "GET /main.php HTTP/1.1" 200 11290
::1 - - [02/Jul/2023:17:49:38 +0300] "-" 408 -
::1 - - [02/Jul/2023:18:16:17 +0300] "-" 408 -
::1 - - [02/Jul/2023:20:37:24 +0300] "GET /main.php HTTP/1.1" 200 11290
::1 - - [02/Jul/2023:20:37:25 +0300] "GET /index.css HTTP/1.1" 200 15496
::1 - - [02/Jul/2023:20:37:26 +0300] "GET /favicon_io/favicon.ico HTTP/1.1" 304 -
::1 - - [02/Jul/2023:20:38:24 +0300] "-" 408 -
::1 - - [02/Jul/2023:20:38:43 +0300] "GET /main.php HTTP/1.1" 200 11290
::1 - - [02/Jul/2023:20:38:51 +0300] "GET /main.php HTTP/1.1" 200 11290
::1 - - [02/Jul/2023:20:39:02 +0300] "GET /main.php HTTP/1.1" 200 11290
::1 - - [02/Jul/2023:20:39:04 +0300] "GET /main.php HTTP/1.1" 200 11290
::1 - - [02/Jul/2023:20:39:56 +0300] "GET /main.php HTTP/1.1" 200 11290
::1 - - [02/Jul/2023:20:39:59 +0300] "GET /main.php HTTP/1.1" 200 11290
::1 - - [02/Jul/2023:20:40:15 +0300] "GET /main.php HTTP/1.1" 200 11290
::1 - - [02/Jul/2023:20:40:41 +0300] "GET /main.php HTTP/1.1" 200 11290
::1 - - [02/Jul/2023:20:40:50 +0300] "GET /main.php HTTP/1.1" 200 11290
::1 - - [02/Jul/2023:20:41:50 +0300] "-" 408 -
::1 - - [02/Jul/2023:20:44:05 +0300] "GET /main.php HTTP/1.1" 200 11290
::1 - - [02/Jul/2023:20:45:05 +0300] "-" 408 -
::1 - - [02/Jul/2023:20:45:25 +0300] "GET /main.php HTTP/1.1" 200 11290
::1 - - [02/Jul/2023:20:45:37 +0300] "GET /main.php HTTP/1.1" 200 11290
::1 - - [02/Jul/2023:20:46:37 +0300] "-" 408 -
::1 - - [02/Jul/2023:20:48:58 +0300] "GET /main.php HTTP/1.1" 200 11290
::1 - - [02/Jul/2023:20:49:58 +0300] "-" 408 -
::1 - - [02/Jul/2023:20:50:38 +0300] "GET /main.php HTTP/1.1" 200 11289
::1 - - [02/Jul/2023:20:50:39 +0300] "GET /main.css HTTP/1.1" 200 15443
::1 - - [02/Jul/2023:20:50:54 +0300] "GET /main.php HTTP/1.1" 200 11289
::1 - - [02/Jul/2023:20:50:56 +0300] "GET /main.css HTTP/1.1" 200 15455
::1 - - [02/Jul/2023:20:51:02 +0300] "GET /main.php HTTP/1.1" 200 11289
::1 - - [02/Jul/2023:20:51:03 +0300] "GET /main.css HTTP/1.1" 304 -
::1 - - [02/Jul/2023:20:51:08 +0300] "GET /main.php HTTP/1.1" 200 11289
::1 - - [02/Jul/2023:20:51:09 +0300] "GET /main.css HTTP/1.1" 200 15455
::1 - - [02/Jul/2023:20:51:24 +0300] "GET /main.php HTTP/1.1" 200 11289
::1 - - [02/Jul/2023:20:51:24 +0300] "GET /main.css HTTP/1.1" 200 15459
::1 - - [02/Jul/2023:20:51:35 +0300] "GET /main.php HTTP/1.1" 200 11289
::1 - - [02/Jul/2023:20:51:35 +0300] "GET /main.css HTTP/1.1" 200 15459
::1 - - [02/Jul/2023:20:51:44 +0300] "GET /main.php HTTP/1.1" 200 11289
::1 - - [02/Jul/2023:20:51:45 +0300] "GET /main.css HTTP/1.1" 200 15458
::1 - - [02/Jul/2023:20:51:52 +0300] "GET /main.php HTTP/1.1" 200 11289
::1 - - [02/Jul/2023:20:51:53 +0300] "GET /main.css HTTP/1.1" 200 15458
::1 - - [02/Jul/2023:20:52:00 +0300] "GET /main.php HTTP/1.1" 200 11289
::1 - - [02/Jul/2023:20:52:01 +0300] "GET /main.css HTTP/1.1" 200 15451
::1 - - [02/Jul/2023:20:52:08 +0300] "GET /main.php HTTP/1.1" 200 11289
::1 - - [02/Jul/2023:20:52:09 +0300] "GET /main.css HTTP/1.1" 200 15451
::1 - - [02/Jul/2023:20:52:15 +0300] "GET /main.php HTTP/1.1" 200 11289
::1 - - [02/Jul/2023:20:52:16 +0300] "GET /main.css HTTP/1.1" 200 15452
::1 - - [02/Jul/2023:20:52:36 +0300] "GET /main.php HTTP/1.1" 200 11289
::1 - - [02/Jul/2023:20:52:37 +0300] "GET /main.css HTTP/1.1" 200 15474
::1 - - [02/Jul/2023:20:52:48 +0300] "GET /main.php HTTP/1.1" 200 11289
::1 - - [02/Jul/2023:20:52:49 +0300] "GET /main.css HTTP/1.1" 200 15452
::1 - - [02/Jul/2023:20:53:48 +0300] "-" 408 -
::1 - - [02/Jul/2023:20:55:17 +0300] "GET /main.php HTTP/1.1" 200 11289
::1 - - [02/Jul/2023:20:55:17 +0300] "GET /main.css HTTP/1.1" 200 15469
::1 - - [02/Jul/2023:20:55:24 +0300] "GET /main.php HTTP/1.1" 200 11289
::1 - - [02/Jul/2023:20:55:25 +0300] "GET /main.css HTTP/1.1" 200 15468
::1 - - [02/Jul/2023:20:55:33 +0300] "GET /main.php HTTP/1.1" 200 11289
::1 - - [02/Jul/2023:20:55:34 +0300] "GET /main.css HTTP/1.1" 200 15457
::1 - - [02/Jul/2023:20:55:42 +0300] "GET /main.php HTTP/1.1" 200 11289
::1 - - [02/Jul/2023:20:55:42 +0300] "GET /main.css HTTP/1.1" 200 15465
::1 - - [02/Jul/2023:20:55:55 +0300] "GET /main.php HTTP/1.1" 200 11289
::1 - - [02/Jul/2023:20:55:56 +0300] "GET /main.css HTTP/1.1" 200 15483
::1 - - [02/Jul/2023:20:56:08 +0300] "GET /main.php HTTP/1.1" 200 11289
::1 - - [02/Jul/2023:20:56:09 +0300] "GET /main.css HTTP/1.1" 200 15497
::1 - - [02/Jul/2023:20:56:19 +0300] "GET /main.php HTTP/1.1" 200 11289
::1 - - [02/Jul/2023:20:56:20 +0300] "GET /main.css HTTP/1.1" 200 15483
::1 - - [02/Jul/2023:20:56:27 +0300] "GET /main.php HTTP/1.1" 200 11289
::1 - - [02/Jul/2023:20:56:27 +0300] "GET /main.css HTTP/1.1" 200 15483
::1 - - [02/Jul/2023:20:57:26 +0300] "-" 408 -
::1 - - [02/Jul/2023:21:09:22 +0300] "GET /main.php HTTP/1.1" 200 11357
::1 - - [02/Jul/2023:21:09:23 +0300] "GET /main.css HTTP/1.1" 200 15476
::1 - - [02/Jul/2023:21:09:30 +0300] "GET /main.php HTTP/1.1" 200 11289
::1 - - [02/Jul/2023:21:09:30 +0300] "GET /main.css HTTP/1.1" 304 -
::1 - - [02/Jul/2023:21:10:30 +0300] "-" 408 -
::1 - - [02/Jul/2023:21:10:49 +0300] "GET /main.php HTTP/1.1" 200 11289
::1 - - [02/Jul/2023:21:10:50 +0300] "GET /main.css HTTP/1.1" 200 15476
::1 - - [02/Jul/2023:21:11:49 +0300] "-" 408 -
::1 - - [02/Jul/2023:21:13:27 +0300] "GET /main.php HTTP/1.1" 200 11289
::1 - - [02/Jul/2023:21:13:27 +0300] "GET /main.css HTTP/1.1" 200 15476
::1 - - [02/Jul/2023:21:13:34 +0300] "GET /main.php HTTP/1.1" 200 11289
::1 - - [02/Jul/2023:21:13:36 +0300] "GET /main.css HTTP/1.1" 200 15476
::1 - - [02/Jul/2023:21:13:52 +0300] "GET /main.php HTTP/1.1" 200 11289
::1 - - [02/Jul/2023:21:13:52 +0300] "GET /main.css HTTP/1.1" 200 15498
::1 - - [02/Jul/2023:21:14:26 +0300] "GET /main.php HTTP/1.1" 200 11289
::1 - - [02/Jul/2023:21:14:27 +0300] "GET /main.css HTTP/1.1" 200 15519
::1 - - [02/Jul/2023:21:14:34 +0300] "GET /main.php HTTP/1.1" 200 11289
::1 - - [02/Jul/2023:21:14:35 +0300] "GET /main.css HTTP/1.1" 200 15519
::1 - - [02/Jul/2023:21:14:50 +0300] "GET /main.php HTTP/1.1" 200 11289
::1 - - [02/Jul/2023:21:14:50 +0300] "GET /main.css HTTP/1.1" 200 15536
::1 - - [02/Jul/2023:21:15:00 +0300] "GET /main.php HTTP/1.1" 200 11289
::1 - - [02/Jul/2023:21:15:01 +0300] "GET /main.css HTTP/1.1" 200 15514
::1 - - [02/Jul/2023:21:15:10 +0300] "GET /main.php HTTP/1.1" 200 11289
::1 - - [02/Jul/2023:21:15:12 +0300] "GET /main.css HTTP/1.1" 200 15493
::1 - - [02/Jul/2023:21:15:19 +0300] "GET /main.php HTTP/1.1" 200 11289
::1 - - [02/Jul/2023:21:15:20 +0300] "GET /main.css HTTP/1.1" 200 15472
::1 - - [02/Jul/2023:21:15:44 +0300] "GET /main.php HTTP/1.1" 200 11289
::1 - - [02/Jul/2023:21:15:46 +0300] "GET /main.css HTTP/1.1" 200 15474
::1 - - [02/Jul/2023:21:15:53 +0300] "GET /main.php HTTP/1.1" 200 11289
::1 - - [02/Jul/2023:21:15:54 +0300] "GET /main.css HTTP/1.1" 200 15457
::1 - - [02/Jul/2023:21:16:02 +0300] "GET /main.php HTTP/1.1" 200 11289
::1 - - [02/Jul/2023:21:16:03 +0300] "GET /main.css HTTP/1.1" 200 15455
::1 - - [02/Jul/2023:21:16:33 +0300] "GET /main.php HTTP/1.1" 200 11289
::1 - - [02/Jul/2023:21:16:34 +0300] "GET /main.css HTTP/1.1" 200 15472
::1 - - [02/Jul/2023:21:16:44 +0300] "GET /main.php HTTP/1.1" 200 11289
::1 - - [02/Jul/2023:21:16:44 +0300] "GET /main.css HTTP/1.1" 200 15472
::1 - - [02/Jul/2023:21:16:50 +0300] "GET /main.php HTTP/1.1" 200 11289
::1 - - [02/Jul/2023:21:16:50 +0300] "GET /main.css HTTP/1.1" 304 -
::1 - - [02/Jul/2023:21:17:11 +0300] "GET /main.php HTTP/1.1" 200 11289
::1 - - [02/Jul/2023:21:17:12 +0300] "GET /main.css HTTP/1.1" 200 15493
::1 - - [02/Jul/2023:21:17:20 +0300] "GET /main.php HTTP/1.1" 200 11289
::1 - - [02/Jul/2023:21:17:20 +0300] "GET /main.css HTTP/1.1" 200 15493
::1 - - [02/Jul/2023:21:17:32 +0300] "GET /main.php HTTP/1.1" 200 11289
::1 - - [02/Jul/2023:21:17:33 +0300] "GET /main.css HTTP/1.1" 200 15493
::1 - - [02/Jul/2023:21:17:39 +0300] "GET /main.php HTTP/1.1" 200 11289
::1 - - [02/Jul/2023:21:17:40 +0300] "GET /main.css HTTP/1.1" 200 15494
::1 - - [02/Jul/2023:21:17:46 +0300] "GET /main.php HTTP/1.1" 200 11289
::1 - - [02/Jul/2023:21:17:46 +0300] "GET /main.css HTTP/1.1" 200 15479
::1 - - [02/Jul/2023:21:17:47 +0300] "GET /main.php HTTP/1.1" 200 11289
::1 - - [02/Jul/2023:21:17:47 +0300] "GET /main.css HTTP/1.1" 304 -
::1 - - [02/Jul/2023:21:18:04 +0300] "GET /main.php HTTP/1.1" 200 11289
::1 - - [02/Jul/2023:21:18:05 +0300] "GET /main.css HTTP/1.1" 200 15479
::1 - - [02/Jul/2023:21:18:24 +0300] "GET /main.php HTTP/1.1" 200 11289
::1 - - [02/Jul/2023:21:18:24 +0300] "GET /main.css HTTP/1.1" 200 15479
::1 - - [02/Jul/2023:21:19:23 +0300] "-" 408 -
::1 - - [02/Jul/2023:21:21:25 +0300] "GET /main.php HTTP/1.1" 200 11289
::1 - - [02/Jul/2023:21:21:26 +0300] "GET /main.css HTTP/1.1" 200 15502
::1 - - [02/Jul/2023:21:21:40 +0300] "GET /main.php HTTP/1.1" 200 11289
::1 - - [02/Jul/2023:21:21:40 +0300] "GET /main.css HTTP/1.1" 200 15479
::1 - - [02/Jul/2023:21:22:40 +0300] "-" 408 -
::1 - - [02/Jul/2023:21:23:28 +0300] "GET /main.php HTTP/1.1" 200 11320
::1 - - [02/Jul/2023:21:23:30 +0300] "GET /main.css HTTP/1.1" 200 15517
::1 - - [02/Jul/2023:21:23:46 +0300] "GET /main.css HTTP/1.1" 304 -
::1 - - [02/Jul/2023:21:25:05 +0300] "GET /main.php HTTP/1.1" 200 11320
::1 - - [02/Jul/2023:21:25:08 +0300] "GET /main.css HTTP/1.1" 200 15556
::1 - - [02/Jul/2023:21:26:05 +0300] "-" 408 -
::1 - - [02/Jul/2023:21:29:09 +0300] "GET /main.php HTTP/1.1" 200 11289
::1 - - [02/Jul/2023:21:29:09 +0300] "GET /main.css HTTP/1.1" 200 15479
::1 - - [02/Jul/2023:21:29:49 +0300] "GET /main.php HTTP/1.1" 200 11289
::1 - - [02/Jul/2023:21:29:50 +0300] "GET /main.css HTTP/1.1" 200 15481
::1 - - [02/Jul/2023:21:30:15 +0300] "GET /main.php HTTP/1.1" 200 11289
::1 - - [02/Jul/2023:21:30:16 +0300] "GET /main.css HTTP/1.1" 200 15561
::1 - - [02/Jul/2023:21:30:27 +0300] "GET /main.php HTTP/1.1" 200 11289
::1 - - [02/Jul/2023:21:30:28 +0300] "GET /main.css HTTP/1.1" 200 15561
::1 - - [02/Jul/2023:21:30:35 +0300] "GET /main.php HTTP/1.1" 200 11289
::1 - - [02/Jul/2023:21:30:36 +0300] "GET /main.css HTTP/1.1" 200 15562
::1 - - [02/Jul/2023:21:30:47 +0300] "GET /main.php HTTP/1.1" 200 11289
::1 - - [02/Jul/2023:21:30:48 +0300] "GET /main.css HTTP/1.1" 200 15584
::1 - - [02/Jul/2023:21:30:58 +0300] "GET /main.php HTTP/1.1" 200 11289
::1 - - [02/Jul/2023:21:30:59 +0300] "GET /main.css HTTP/1.1" 200 15579
::1 - - [02/Jul/2023:21:31:08 +0300] "GET /main.php HTTP/1.1" 200 11289
::1 - - [02/Jul/2023:21:31:08 +0300] "GET /main.css HTTP/1.1" 200 15584
::1 - - [02/Jul/2023:21:31:22 +0300] "GET /main.php HTTP/1.1" 200 11289
::1 - - [02/Jul/2023:21:31:22 +0300] "GET /main.css HTTP/1.1" 200 15584
::1 - - [02/Jul/2023:21:32:17 +0300] "GET /main.php HTTP/1.1" 200 11289
::1 - - [02/Jul/2023:21:32:18 +0300] "GET /main.css HTTP/1.1" 200 15656
::1 - - [02/Jul/2023:21:32:26 +0300] "GET /main.php HTTP/1.1" 200 11289
::1 - - [02/Jul/2023:21:32:28 +0300] "GET /main.css HTTP/1.1" 200 15656
::1 - - [02/Jul/2023:21:32:36 +0300] "GET /main.php HTTP/1.1" 200 11289
::1 - - [02/Jul/2023:21:32:44 +0300] "GET /main.css HTTP/1.1" 200 15656
::1 - - [02/Jul/2023:21:32:52 +0300] "GET /main.php HTTP/1.1" 200 11289
::1 - - [02/Jul/2023:21:32:53 +0300] "GET /main.css HTTP/1.1" 200 15656
::1 - - [02/Jul/2023:21:33:14 +0300] "GET /main.php HTTP/1.1" 200 11289
::1 - - [02/Jul/2023:21:33:15 +0300] "GET /main.css HTTP/1.1" 200 15656
::1 - - [02/Jul/2023:21:33:35 +0300] "GET /main.php HTTP/1.1" 200 11289
::1 - - [02/Jul/2023:21:33:35 +0300] "GET /main.css HTTP/1.1" 200 15656
::1 - - [02/Jul/2023:21:33:49 +0300] "GET /main.php HTTP/1.1" 200 11289
::1 - - [02/Jul/2023:21:33:51 +0300] "GET /main.css HTTP/1.1" 200 15656
::1 - - [02/Jul/2023:21:34:15 +0300] "GET /main.php HTTP/1.1" 200 11289
::1 - - [02/Jul/2023:21:34:16 +0300] "GET /main.css HTTP/1.1" 200 15656
::1 - - [02/Jul/2023:21:34:34 +0300] "GET /main.php HTTP/1.1" 200 11289
::1 - - [02/Jul/2023:21:34:35 +0300] "GET /main.css HTTP/1.1" 200 15679
::1 - - [02/Jul/2023:21:35:16 +0300] "GET /main.css HTTP/1.1" 200 15679
::1 - - [02/Jul/2023:21:49:19 +0300] "-" 408 -
::1 - - [03/Jul/2023:23:17:24 +0300] "GET /main.php HTTP/1.1" 200 11289
::1 - - [03/Jul/2023:23:17:26 +0300] "GET /main.css HTTP/1.1" 304 -
::1 - - [03/Jul/2023:23:17:26 +0300] "GET /images/Vector.png HTTP/1.1" 304 -
::1 - - [03/Jul/2023:23:17:26 +0300] "GET /images/foots.png HTTP/1.1" 304 -
::1 - - [03/Jul/2023:23:17:26 +0300] "GET /images/inst.png HTTP/1.1" 304 -
::1 - - [03/Jul/2023:23:17:26 +0300] "GET /images/mask1.png HTTP/1.1" 304 -
::1 - - [03/Jul/2023:23:17:26 +0300] "GET /images/mask2.png HTTP/1.1" 304 -
::1 - - [03/Jul/2023:23:17:26 +0300] "GET /images/dogs.png HTTP/1.1" 304 -
::1 - - [03/Jul/2023:23:17:26 +0300] "GET /images/majlo.png HTTP/1.1" 304 -
::1 - - [03/Jul/2023:23:17:26 +0300] "GET /images/gerta.png HTTP/1.1" 304 -
::1 - - [03/Jul/2023:23:17:26 +0300] "GET /images/martin.png HTTP/1.1" 304 -
::1 - - [03/Jul/2023:23:17:26 +0300] "GET /images/charlie.png HTTP/1.1" 304 -
::1 - - [03/Jul/2023:23:17:26 +0300] "GET /images/linda.png HTTP/1.1" 304 -
::1 - - [03/Jul/2023:23:17:27 +0300] "GET /images/zelda.png HTTP/1.1" 304 -
::1 - - [03/Jul/2023:23:17:27 +0300] "GET /images/poncho.png HTTP/1.1" 304 -
::1 - - [03/Jul/2023:23:17:27 +0300] "GET /images/denzel.png HTTP/1.1" 304 -
::1 - - [03/Jul/2023:23:17:27 +0300] "GET /images/dog_water.png HTTP/1.1" 304 -
::1 - - [03/Jul/2023:23:17:27 +0300] "GET /images/dog_play.png HTTP/1.1" 304 -
::1 - - [03/Jul/2023:23:17:27 +0300] "GET /images/dog_train.png HTTP/1.1" 304 -
::1 - - [03/Jul/2023:23:17:27 +0300] "GET /images/sms.png HTTP/1.1" 304 -
::1 - - [03/Jul/2023:23:17:27 +0300] "GET /images/call.png HTTP/1.1" 304 -
::1 - - [03/Jul/2023:23:17:27 +0300] "GET /images/inst2.png HTTP/1.1" 304 -
::1 - - [03/Jul/2023:23:17:27 +0300] "GET /images/vk2.png HTTP/1.1" 304 -
::1 - - [03/Jul/2023:23:17:27 +0300] "GET /images/tg2.png HTTP/1.1" 304 -
::1 - - [03/Jul/2023:23:17:27 +0300] "GET /images/location.png HTTP/1.1" 304 -
::1 - - [03/Jul/2023:23:17:31 +0300] "GET /pets.php HTTP/1.1" 200 882
::1 - - [03/Jul/2023:23:17:32 +0300] "GET /favicon.ico HTTP/1.1" 404 196
::1 - - [03/Jul/2023:23:18:24 +0300] "GET /pets.php HTTP/1.1" 200 1071
::1 - - [03/Jul/2023:23:18:24 +0300] "GET /fonts/Rubik-Black.ttf HTTP/1.1" 200 124668
::1 - - [03/Jul/2023:23:19:24 +0300] "-" 408 -
::1 - - [03/Jul/2023:23:21:21 +0300] "GET /pets.php HTTP/1.1" 200 1071
::1 - - [03/Jul/2023:23:21:22 +0300] "GET /favicon_io/favicon.ico HTTP/1.1" 304 -
::1 - - [03/Jul/2023:23:21:31 +0300] "GET /pets.php HTTP/1.1" 200 1071
::1 - - [03/Jul/2023:23:21:46 +0300] "GET /pets.php HTTP/1.1" 200 1071
::1 - - [03/Jul/2023:23:22:46 +0300] "-" 408 -
::1 - - [03/Jul/2023:23:25:09 +0300] "GET /pets.php HTTP/1.1" 200 1063
::1 - - [03/Jul/2023:23:26:09 +0300] "-" 408 -
::1 - - [03/Jul/2023:23:27:16 +0300] "GET /pets.php HTTP/1.1" 200 1063
::1 - - [03/Jul/2023:23:27:18 +0300] "GET /pets.php HTTP/1.1" 200 1063
::1 - - [03/Jul/2023:23:28:16 +0300] "-" 408 -
::1 - - [03/Jul/2023:23:30:30 +0300] "GET /pets.php HTTP/1.1" 200 1071
::1 - - [03/Jul/2023:23:30:30 +0300] "GET /pets.css HTTP/1.1" 200 1092
::1 - - [03/Jul/2023:23:31:30 +0300] "-" 408 -
::1 - - [03/Jul/2023:23:34:30 +0300] "GET /pets.php HTTP/1.1" 200 1071
::1 - - [03/Jul/2023:23:34:31 +0300] "GET /pets.css HTTP/1.1" 200 1091
::1 - - [03/Jul/2023:23:34:40 +0300] "GET /pets.php HTTP/1.1" 200 1071
::1 - - [03/Jul/2023:23:34:40 +0300] "GET /pets.css HTTP/1.1" 200 1092
::1 - - [03/Jul/2023:23:34:47 +0300] "GET /pets.php HTTP/1.1" 200 1071
::1 - - [03/Jul/2023:23:34:48 +0300] "GET /pets.css HTTP/1.1" 200 1092
::1 - - [03/Jul/2023:23:34:53 +0300] "GET /pets.php HTTP/1.1" 200 1071
::1 - - [03/Jul/2023:23:34:53 +0300] "GET /pets.css HTTP/1.1" 200 1092
::1 - - [03/Jul/2023:23:35:47 +0300] "-" 408 -
::1 - - [03/Jul/2023:23:35:47 +0300] "GET /pets.php HTTP/1.1" 200 1071
::1 - - [03/Jul/2023:23:35:48 +0300] "GET /pets.css HTTP/1.1" 200 1066
::1 - - [03/Jul/2023:23:35:55 +0300] "GET /pets.php HTTP/1.1" 200 1071
::1 - - [03/Jul/2023:23:35:55 +0300] "GET /pets.css HTTP/1.1" 200 1092
::1 - - [03/Jul/2023:23:36:55 +0300] "-" 408 -
::1 - - [03/Jul/2023:23:38:33 +0300] "GET /pets.php HTTP/1.1" 200 1071
::1 - - [03/Jul/2023:23:38:33 +0300] "GET /pets.css HTTP/1.1" 200 1117
::1 - - [03/Jul/2023:23:38:55 +0300] "GET /pets.css HTTP/1.1" 304 -
::1 - - [03/Jul/2023:23:47:44 +0300] "GET /pets.php HTTP/1.1" 200 1071
::1 - - [03/Jul/2023:23:47:45 +0300] "GET /pets.css HTTP/1.1" 200 1117
::1 - - [03/Jul/2023:23:47:57 +0300] "GET /pets.php HTTP/1.1" 200 1071
::1 - - [03/Jul/2023:23:47:57 +0300] "GET /pets.css HTTP/1.1" 200 1119
::1 - - [03/Jul/2023:23:48:04 +0300] "GET /pets.php HTTP/1.1" 200 1071
::1 - - [03/Jul/2023:23:48:05 +0300] "GET /pets.css HTTP/1.1" 200 1119
::1 - - [03/Jul/2023:23:48:14 +0300] "GET /pets.php HTTP/1.1" 200 1071
::1 - - [03/Jul/2023:23:48:15 +0300] "GET /pets.css HTTP/1.1" 200 1120
::1 - - [03/Jul/2023:23:48:21 +0300] "GET /pets.php HTTP/1.1" 200 1071
::1 - - [03/Jul/2023:23:48:22 +0300] "GET /pets.css HTTP/1.1" 200 1119
::1 - - [03/Jul/2023:23:49:04 +0300] "GET /main.php HTTP/1.1" 200 11289
::1 - - [03/Jul/2023:23:49:12 +0300] "GET /pets.php HTTP/1.1" 200 1071
::1 - - [03/Jul/2023:23:49:12 +0300] "GET /pets.css HTTP/1.1" 304 -
::1 - - [03/Jul/2023:23:50:12 +0300] "-" 408 -
::1 - - [04/Jul/2023:13:53:41 +0300] "GET /main.php HTTP/1.1" 200 11289
::1 - - [04/Jul/2023:13:53:42 +0300] "GET /main.css HTTP/1.1" 200 15679
::1 - - [04/Jul/2023:13:54:40 +0300] "-" 408 -
::1 - - [04/Jul/2023:13:55:10 +0300] "GET /pets.php HTTP/1.1" 200 1071
::1 - - [04/Jul/2023:13:55:10 +0300] "GET /pets.css HTTP/1.1" 304 -
::1 - - [04/Jul/2023:13:55:16 +0300] "GET /contacts.php HTTP/1.1" 404 196
::1 - - [04/Jul/2023:13:55:17 +0300] "GET /favicon.ico HTTP/1.1" 404 196
::1 - - [04/Jul/2023:13:55:36 +0300] "GET /pets.php HTTP/1.1" 200 1071
::1 - - [04/Jul/2023:13:55:36 +0300] "GET /favicon_io/favicon.ico HTTP/1.1" 304 -
::1 - - [04/Jul/2023:13:56:06 +0300] "GET /pets.php HTTP/1.1" 200 1164
::1 - - [04/Jul/2023:13:57:06 +0300] "-" 408 -
::1 - - [04/Jul/2023:14:12:52 +0300] "GET /pets.php HTTP/1.1" 200 1164
::1 - - [04/Jul/2023:14:12:58 +0300] "GET /pets.php HTTP/1.1" 200 1164
::1 - - [04/Jul/2023:14:13:06 +0300] "GET /pets.php HTTP/1.1" 200 1164
::1 - - [04/Jul/2023:14:13:28 +0300] "GET /pets.php HTTP/1.1" 200 1164
::1 - - [04/Jul/2023:14:13:37 +0300] "GET /pets.php HTTP/1.1" 200 1164
::1 - - [04/Jul/2023:14:13:52 +0300] "GET /pets.php HTTP/1.1" 200 1164
::1 - - [04/Jul/2023:14:14:09 +0300] "GET /main.php HTTP/1.1" 200 11289
::1 - - [04/Jul/2023:14:15:09 +0300] "-" 408 -
::1 - - [04/Jul/2023:14:15:48 +0300] "GET /pets.php HTTP/1.1" 200 1164
::1 - - [04/Jul/2023:14:15:58 +0300] "GET /pets.php HTTP/1.1" 200 1164
::1 - - [04/Jul/2023:14:16:29 +0300] "GET /pets.php HTTP/1.1" 200 1164
::1 - - [04/Jul/2023:14:16:50 +0300] "GET /pets.php HTTP/1.1" 200 1164
::1 - - [04/Jul/2023:14:16:57 +0300] "GET /pets.php HTTP/1.1" 200 1164
::1 - - [04/Jul/2023:14:17:09 +0300] "GET /pets.php HTTP/1.1" 200 1164
::1 - - [04/Jul/2023:14:17:26 +0300] "GET /main.php HTTP/1.1" 200 11289
::1 - - [04/Jul/2023:17:40:05 +0300] "GET /main.php HTTP/1.1" 200 11289
::1 - - [04/Jul/2023:17:40:07 +0300] "GET /main.css HTTP/1.1" 200 15503
::1 - - [04/Jul/2023:17:40:08 +0300] "GET /images/tg2.png HTTP/1.1" 200 567
::1 - - [04/Jul/2023:17:40:08 +0300] "GET /images/location.png HTTP/1.1" 200 579
::1 - - [04/Jul/2023:17:40:13 +0300] "GET /pets.php HTTP/1.1" 200 1164
::1 - - [04/Jul/2023:17:40:14 +0300] "GET /pets.css HTTP/1.1" 200 941
::1 - - [04/Jul/2023:17:41:03 +0300] "GET /pets.php HTTP/1.1" 200 1164
::1 - - [04/Jul/2023:17:41:14 +0300] "GET /pets.php HTTP/1.1" 200 1164
::1 - - [04/Jul/2023:17:41:49 +0300] "GET /pets.php HTTP/1.1" 200 1164
127.0.0.1 - - [04/Jul/2023:17:42:04 +0300] "GET /main.php HTTP/1.1" 200 11289
127.0.0.1 - - [04/Jul/2023:17:42:08 +0300] "GET /pets.php HTTP/1.1" 200 1164
127.0.0.1 - - [04/Jul/2023:17:42:13 +0300] "GET /pets.php HTTP/1.1" 200 1164
::1 - - [04/Jul/2023:17:42:32 +0300] "GET /pets.php HTTP/1.1" 200 1164
::1 - - [04/Jul/2023:17:43:32 +0300] "-" 408 -
::1 - - [04/Jul/2023:17:44:05 +0300] "GET /pets.php HTTP/1.1" 200 1164
::1 - - [04/Jul/2023:17:44:15 +0300] "GET /pets.php HTTP/1.1" 200 1105
::1 - - [04/Jul/2023:17:45:15 +0300] "-" 408 -
::1 - - [04/Jul/2023:17:50:34 +0300] "GET /pets.php HTTP/1.1" 200 1163
::1 - - [04/Jul/2023:17:51:25 +0300] "GET /pets.php HTTP/1.1" 200 1163
::1 - - [04/Jul/2023:17:51:42 +0300] "GET /pets.php HTTP/1.1" 200 1163
::1 - - [04/Jul/2023:17:52:42 +0300] "-" 408 -
::1 - - [04/Jul/2023:17:54:05 +0300] "GET /pets.php HTTP/1.1" 200 1163
::1 - - [04/Jul/2023:17:54:51 +0300] "GET /pets.php HTTP/1.1" 200 1175
::1 - - [04/Jul/2023:17:54:52 +0300] "GET /localhost/pets.css HTTP/1.1" 404 196
::1 - - [04/Jul/2023:17:55:09 +0300] "GET /pets.php HTTP/1.1" 200 1176
::1 - - [04/Jul/2023:17:55:19 +0300] "GET /pets.php HTTP/1.1" 200 1163
::1 - - [04/Jul/2023:17:55:31 +0300] "GET /pets.php HTTP/1.1" 200 1163
::1 - - [04/Jul/2023:17:56:31 +0300] "-" 408 -
::1 - - [04/Jul/2023:18:04:37 +0300] "GET /pets.php HTTP/1.1" 200 1163
::1 - - [04/Jul/2023:18:04:38 +0300] "GET /pets.css HTTP/1.1" 200 899
::1 - - [04/Jul/2023:18:04:58 +0300] "GET /pets.php HTTP/1.1" 200 1163
::1 - - [04/Jul/2023:18:04:58 +0300] "GET /pets.css HTTP/1.1" 200 898
::1 - - [04/Jul/2023:18:05:34 +0300] "GET /pets.php HTTP/1.1" 200 1227
::1 - - [04/Jul/2023:18:05:35 +0300] "GET /pets.css HTTP/1.1" 304 -
::1 - - [04/Jul/2023:18:06:34 +0300] "-" 408 -
::1 - - [05/Jul/2023:12:07:51 +0300] "-" 408 -
::1 - - [06/Jul/2023:22:45:31 +0300] "GET /main.php HTTP/1.1" 200 11289
::1 - - [06/Jul/2023:22:45:31 +0300] "GET /main.css HTTP/1.1" 304 -
::1 - - [06/Jul/2023:22:45:32 +0300] "GET /images/dogs.png HTTP/1.1" 304 -
::1 - - [06/Jul/2023:22:45:32 +0300] "GET /images/foots.png HTTP/1.1" 304 -
::1 - - [06/Jul/2023:22:45:32 +0300] "GET /images/Vector.png HTTP/1.1" 304 -
::1 - - [06/Jul/2023:22:45:32 +0300] "GET /images/inst.png HTTP/1.1" 304 -
::1 - - [06/Jul/2023:22:45:32 +0300] "GET /images/mask2.png HTTP/1.1" 304 -
::1 - - [06/Jul/2023:22:45:32 +0300] "GET /images/mask1.png HTTP/1.1" 304 -
::1 - - [06/Jul/2023:22:45:32 +0300] "GET /images/majlo.png HTTP/1.1" 304 -
::1 - - [06/Jul/2023:22:45:32 +0300] "GET /images/martin.png HTTP/1.1" 304 -
::1 - - [06/Jul/2023:22:45:32 +0300] "GET /images/zelda.png HTTP/1.1" 304 -
::1 - - [06/Jul/2023:22:45:32 +0300] "GET /images/linda.png HTTP/1.1" 304 -
::1 - - [06/Jul/2023:22:45:32 +0300] "GET /images/gerta.png HTTP/1.1" 304 -
::1 - - [06/Jul/2023:22:45:32 +0300] "GET /images/charlie.png HTTP/1.1" 304 -
::1 - - [06/Jul/2023:22:45:33 +0300] "GET /images/denzel.png HTTP/1.1" 304 -
::1 - - [06/Jul/2023:22:45:33 +0300] "GET /images/dog_water.png HTTP/1.1" 304 -
::1 - - [06/Jul/2023:22:45:33 +0300] "GET /images/poncho.png HTTP/1.1" 304 -
::1 - - [06/Jul/2023:22:45:33 +0300] "GET /images/dog_train.png HTTP/1.1" 304 -
::1 - - [06/Jul/2023:22:45:33 +0300] "GET /images/tg2.png HTTP/1.1" 304 -
::1 - - [06/Jul/2023:22:45:33 +0300] "GET /images/dog_play.png HTTP/1.1" 304 -
::1 - - [06/Jul/2023:22:45:33 +0300] "GET /images/sms.png HTTP/1.1" 304 -
::1 - - [06/Jul/2023:22:45:33 +0300] "GET /images/inst2.png HTTP/1.1" 304 -
::1 - - [06/Jul/2023:22:45:33 +0300] "GET /images/vk2.png HTTP/1.1" 304 -
::1 - - [06/Jul/2023:22:45:33 +0300] "GET /images/call.png HTTP/1.1" 304 -
::1 - - [06/Jul/2023:22:45:34 +0300] "GET /images/location.png HTTP/1.1" 304 -
::1 - - [06/Jul/2023:22:45:40 +0300] "GET /pets.php HTTP/1.1" 200 2421
::1 - - [06/Jul/2023:22:45:40 +0300] "GET /pets.css HTTP/1.1" 200 3628
::1 - - [06/Jul/2023:22:46:12 +0300] "GET /main.php HTTP/1.1" 200 11305
::1 - - [06/Jul/2023:22:46:13 +0300] "GET /favicon_io/favicon.ico HTTP/1.1" 304 -
::1 - - [06/Jul/2023:22:46:14 +0300] "GET /pets.php HTTP/1.1" 200 2421
::1 - - [06/Jul/2023:22:46:14 +0300] "GET /pets.css HTTP/1.1" 304 -
::1 - - [06/Jul/2023:22:46:30 +0300] "GET /main.php HTTP/1.1" 200 11353
::1 - - [06/Jul/2023:22:46:32 +0300] "GET /pets.php HTTP/1.1" 200 2421
::1 - - [06/Jul/2023:22:46:33 +0300] "GET /pets.css HTTP/1.1" 304 -
::1 - - [06/Jul/2023:22:47:17 +0300] "GET /pets.php HTTP/1.1" 200 2434
::1 - - [06/Jul/2023:22:47:17 +0300] "GET /pets.css HTTP/1.1" 200 3663
::1 - - [06/Jul/2023:22:47:33 +0300] "GET /pets.php HTTP/1.1" 200 2434
::1 - - [06/Jul/2023:22:47:33 +0300] "GET /pets.css HTTP/1.1" 200 3646
::1 - - [06/Jul/2023:22:47:39 +0300] "GET /pets.php HTTP/1.1" 200 2434
::1 - - [06/Jul/2023:22:47:40 +0300] "GET /pets.css HTTP/1.1" 200 3663
::1 - - [06/Jul/2023:22:48:01 +0300] "GET /pets.php HTTP/1.1" 200 2434
::1 - - [06/Jul/2023:22:48:02 +0300] "GET /pets.css HTTP/1.1" 200 3684
::1 - - [06/Jul/2023:22:48:13 +0300] "GET /pets.php HTTP/1.1" 200 2434
::1 - - [06/Jul/2023:22:48:14 +0300] "GET /pets.css HTTP/1.1" 200 3684
::1 - - [06/Jul/2023:22:48:35 +0300] "GET /pets.php HTTP/1.1" 200 2434
::1 - - [06/Jul/2023:22:48:35 +0300] "GET /pets.css HTTP/1.1" 200 3684
::1 - - [06/Jul/2023:22:48:43 +0300] "GET /pets.php HTTP/1.1" 200 2434
::1 - - [06/Jul/2023:22:48:43 +0300] "GET /pets.css HTTP/1.1" 200 3686
::1 - - [06/Jul/2023:22:48:59 +0300] "GET /pets.php HTTP/1.1" 200 2434
::1 - - [06/Jul/2023:22:48:59 +0300] "GET /pets.css HTTP/1.1" 200 3687
::1 - - [06/Jul/2023:22:49:09 +0300] "GET /pets.php HTTP/1.1" 200 2434
::1 - - [06/Jul/2023:22:49:09 +0300] "GET /pets.css HTTP/1.1" 200 3686
::1 - - [06/Jul/2023:22:49:24 +0300] "GET /pets.php HTTP/1.1" 200 2434
::1 - - [06/Jul/2023:22:49:24 +0300] "GET /pets.css HTTP/1.1" 200 3686
::1 - - [06/Jul/2023:22:50:24 +0300] "-" 408 -
::1 - - [06/Jul/2023:23:14:20 +0300] "GET /pets.php HTTP/1.1" 200 4833
::1 - - [06/Jul/2023:23:14:21 +0300] "GET /pets.css HTTP/1.1" 304 -
::1 - - [06/Jul/2023:23:15:20 +0300] "-" 408 -
::1 - - [06/Jul/2023:23:17:52 +0300] "GET /pets.php HTTP/1.1" 200 4837
::1 - - [06/Jul/2023:23:17:52 +0300] "GET /pets.css HTTP/1.1" 304 -
::1 - - [06/Jul/2023:23:18:36 +0300] "GET /pets.php HTTP/1.1" 200 4837
::1 - - [06/Jul/2023:23:18:39 +0300] "GET /pets.php HTTP/1.1" 200 4837
::1 - - [06/Jul/2023:23:18:49 +0300] "GET /pets.php HTTP/1.1" 200 4837
::1 - - [06/Jul/2023:23:19:00 +0300] "GET /pets.php HTTP/1.1" 200 4837
::1 - - [06/Jul/2023:23:19:02 +0300] "GET /pets.php HTTP/1.1" 200 4837
::1 - - [06/Jul/2023:23:20:00 +0300] "-" 408 -
::1 - - [06/Jul/2023:23:20:25 +0300] "GET /pets.php HTTP/1.1" 200 4806
::1 - - [06/Jul/2023:23:20:37 +0300] "GET /pets.php HTTP/1.1" 200 4812
::1 - - [06/Jul/2023:23:20:47 +0300] "GET /pets.php HTTP/1.1" 200 4824
::1 - - [06/Jul/2023:23:20:47 +0300] "GET /pets.css HTTP/1.1" 200 3666
::1 - - [06/Jul/2023:23:20:52 +0300] "GET /pets.php HTTP/1.1" 200 4831
::1 - - [06/Jul/2023:23:21:02 +0300] "GET /pets.php HTTP/1.1" 200 4837
::1 - - [06/Jul/2023:23:21:02 +0300] "GET /pets.css HTTP/1.1" 304 -
::1 - - [06/Jul/2023:23:21:10 +0300] "GET /pets.php HTTP/1.1" 200 4837
::1 - - [06/Jul/2023:23:21:15 +0300] "GET /pets.php HTTP/1.1" 200 4837
::1 - - [06/Jul/2023:23:21:15 +0300] "GET /pets.css HTTP/1.1" 200 3686
::1 - - [06/Jul/2023:23:21:22 +0300] "GET /pets.php HTTP/1.1" 200 4837
::1 - - [06/Jul/2023:23:21:22 +0300] "GET /pets.css HTTP/1.1" 200 3686
::1 - - [06/Jul/2023:23:21:29 +0300] "GET /pets.php HTTP/1.1" 200 4837
::1 - - [06/Jul/2023:23:21:29 +0300] "GET /pets.css HTTP/1.1" 200 3686
::1 - - [06/Jul/2023:23:21:43 +0300] "GET /pets.php HTTP/1.1" 200 4837
::1 - - [06/Jul/2023:23:21:43 +0300] "GET /pets.css HTTP/1.1" 200 3686
::1 - - [06/Jul/2023:23:22:05 +0300] "GET /pets.php HTTP/1.1" 200 4837
::1 - - [06/Jul/2023:23:22:05 +0300] "GET /pets.css HTTP/1.1" 200 3686
::1 - - [06/Jul/2023:23:23:05 +0300] "-" 408 -
::1 - - [07/Jul/2023:23:43:14 +0300] "GET /main.php HTTP/1.1" 200 11357
::1 - - [07/Jul/2023:23:43:18 +0300] "GET /main.css HTTP/1.1" 304 -
::1 - - [07/Jul/2023:23:43:38 +0300] "GET /pets.php HTTP/1.1" 200 4837
::1 - - [07/Jul/2023:23:43:40 +0300] "GET /pets.css HTTP/1.1" 200 3686
::1 - - [07/Jul/2023:23:44:37 +0300] "-" 408 -
::1 - - [07/Jul/2023:23:44:56 +0300] "GET /pets.php HTTP/1.1" 200 3526
::1 - - [07/Jul/2023:23:44:58 +0300] "GET /favicon_io/favicon.ico HTTP/1.1" 304 -
::1 - - [07/Jul/2023:23:45:56 +0300] "-" 408 -
::1 - - [07/Jul/2023:23:47:41 +0300] "GET /pets.php HTTP/1.1" 200 3539
::1 - - [07/Jul/2023:23:47:50 +0300] "GET /pets.php HTTP/1.1" 200 3539
::1 - - [07/Jul/2023:23:48:14 +0300] "GET /pets.php HTTP/1.1" 200 3539
::1 - - [07/Jul/2023:23:48:24 +0300] "GET /pets.php HTTP/1.1" 200 3539
::1 - - [07/Jul/2023:23:48:32 +0300] "GET /pets.php HTTP/1.1" 200 3539
::1 - - [07/Jul/2023:23:52:45 +0300] "GET /pets.php HTTP/1.1" 200 3538
::1 - - [07/Jul/2023:23:52:58 +0300] "GET /pets.php HTTP/1.1" 200 3538
::1 - - [07/Jul/2023:23:53:11 +0300] "GET /pets.php HTTP/1.1" 200 3538
::1 - - [07/Jul/2023:23:53:22 +0300] "GET /pets.php HTTP/1.1" 200 3538
::1 - - [07/Jul/2023:23:53:28 +0300] "GET /pets.php HTTP/1.1" 200 3538
::1 - - [07/Jul/2023:23:53:34 +0300] "GET /pets.php HTTP/1.1" 200 3538
::1 - - [07/Jul/2023:23:54:18 +0300] "GET /pets.php HTTP/1.1" 200 3538
::1 - - [07/Jul/2023:23:55:00 +0300] "GET /pets.php HTTP/1.1" 200 3538
::1 - - [07/Jul/2023:23:55:32 +0300] "GET /pets.php HTTP/1.1" 200 3538
::1 - - [07/Jul/2023:23:56:11 +0300] "GET /pets.php HTTP/1.1" 200 3538
::1 - - [07/Jul/2023:23:56:20 +0300] "GET /pets.php HTTP/1.1" 200 3538
::1 - - [07/Jul/2023:23:56:53 +0300] "GET /main.php HTTP/1.1" 200 11357
::1 - - [07/Jul/2023:23:57:19 +0300] "GET /main.php HTTP/1.1" 200 11357
::1 - - [07/Jul/2023:23:57:31 +0300] "GET /pets.php HTTP/1.1" 200 3538
::1 - - [07/Jul/2023:23:57:45 +0300] "GET /pets.php HTTP/1.1" 200 3538
::1 - - [07/Jul/2023:23:58:45 +0300] "-" 408 -
::1 - - [08/Jul/2023:00:02:53 +0300] "GET /pets.php HTTP/1.1" 200 3538
::1 - - [08/Jul/2023:00:02:53 +0300] "GET /pets.css HTTP/1.1" 200 3540
::1 - - [08/Jul/2023:00:02:53 +0300] "GET /images/foots.png HTTP/1.1" 200 1053
::1 - - [08/Jul/2023:00:02:53 +0300] "GET /images/Vector.png HTTP/1.1" 200 794
::1 - - [08/Jul/2023:00:02:53 +0300] "GET /images/sms.png HTTP/1.1" 200 469
::1 - - [08/Jul/2023:00:02:53 +0300] "GET /images/mask2.png HTTP/1.1" 200 395
::1 - - [08/Jul/2023:00:02:53 +0300] "GET /images/mask1.png HTTP/1.1" 200 330
::1 - - [08/Jul/2023:00:02:53 +0300] "GET /images/inst.png HTTP/1.1" 200 521
::1 - - [08/Jul/2023:00:02:53 +0300] "GET /images/location.png HTTP/1.1" 200 579
::1 - - [08/Jul/2023:00:02:53 +0300] "GET /images/vk2.png HTTP/1.1" 200 519
::1 - - [08/Jul/2023:00:02:53 +0300] "GET /images/tg2.png HTTP/1.1" 200 567
::1 - - [08/Jul/2023:00:02:53 +0300] "GET /images/call.png HTTP/1.1" 200 607
::1 - - [08/Jul/2023:00:02:53 +0300] "GET /images/inst2.png HTTP/1.1" 200 750
::1 - - [08/Jul/2023:00:02:54 +0300] "GET /favicon_io/favicon.ico HTTP/1.1" 200 15406
::1 - - [08/Jul/2023:00:03:02 +0300] "GET /pets.php HTTP/1.1" 200 3538
::1 - - [08/Jul/2023:00:03:03 +0300] "GET /pets.php HTTP/1.1" 200 3538
::1 - - [08/Jul/2023:00:03:04 +0300] "GET /pets.css HTTP/1.1" 200 3686
::1 - - [08/Jul/2023:00:03:04 +0300] "GET /images/Vector.png HTTP/1.1" 200 794
::1 - - [08/Jul/2023:00:03:04 +0300] "GET /images/foots.png HTTP/1.1" 200 1053
::1 - - [08/Jul/2023:00:03:04 +0300] "GET /images/inst.png HTTP/1.1" 200 521
::1 - - [08/Jul/2023:00:03:04 +0300] "GET /images/mask1.png HTTP/1.1" 200 330
::1 - - [08/Jul/2023:00:03:04 +0300] "GET /images/sms.png HTTP/1.1" 200 469
::1 - - [08/Jul/2023:00:03:04 +0300] "GET /images/call.png HTTP/1.1" 200 607
::1 - - [08/Jul/2023:00:03:04 +0300] "GET /images/inst2.png HTTP/1.1" 200 750
::1 - - [08/Jul/2023:00:03:04 +0300] "GET /images/mask2.png HTTP/1.1" 200 395
::1 - - [08/Jul/2023:00:03:04 +0300] "GET /images/vk2.png HTTP/1.1" 200 519
::1 - - [08/Jul/2023:00:03:04 +0300] "GET /images/tg2.png HTTP/1.1" 200 567
::1 - - [08/Jul/2023:00:03:04 +0300] "GET /images/location.png HTTP/1.1" 200 579
::1 - - [08/Jul/2023:00:03:04 +0300] "GET /favicon_io/favicon.ico HTTP/1.1" 200 15406
::1 - - [08/Jul/2023:00:04:04 +0300] "-" 408 -
::1 - - [08/Jul/2023:00:05:53 +0300] "GET /pets.php HTTP/1.1" 200 3539
::1 - - [08/Jul/2023:00:05:53 +0300] "GET /pets.css HTTP/1.1" 200 3768
::1 - - [08/Jul/2023:00:05:53 +0300] "GET /images/Vector.png HTTP/1.1" 200 794
::1 - - [08/Jul/2023:00:05:53 +0300] "GET /images/foots.png HTTP/1.1" 200 1053
::1 - - [08/Jul/2023:00:05:54 +0300] "GET /images/inst.png HTTP/1.1" 200 521
::1 - - [08/Jul/2023:00:05:54 +0300] "GET /images/mask1.png HTTP/1.1" 200 330
::1 - - [08/Jul/2023:00:05:54 +0300] "GET /images/sms.png HTTP/1.1" 200 469
::1 - - [08/Jul/2023:00:05:54 +0300] "GET /images/mask2.png HTTP/1.1" 200 395
::1 - - [08/Jul/2023:00:05:54 +0300] "GET /images/call.png HTTP/1.1" 200 607
::1 - - [08/Jul/2023:00:05:54 +0300] "GET /images/inst2.png HTTP/1.1" 200 750
::1 - - [08/Jul/2023:00:05:54 +0300] "GET /images/vk2.png HTTP/1.1" 200 519
::1 - - [08/Jul/2023:00:05:54 +0300] "GET /images/tg2.png HTTP/1.1" 200 567
::1 - - [08/Jul/2023:00:05:54 +0300] "GET /images/location.png HTTP/1.1" 200 579
::1 - - [08/Jul/2023:00:05:54 +0300] "GET /favicon_io/favicon.ico HTTP/1.1" 200 15406
::1 - - [08/Jul/2023:00:06:14 +0300] "GET /pets.php HTTP/1.1" 200 3539
::1 - - [08/Jul/2023:00:06:14 +0300] "GET /pets.css HTTP/1.1" 200 3791
::1 - - [08/Jul/2023:00:06:15 +0300] "GET /images/Vector.png HTTP/1.1" 200 794
::1 - - [08/Jul/2023:00:06:15 +0300] "GET /images/foots.png HTTP/1.1" 200 1053
::1 - - [08/Jul/2023:00:06:15 +0300] "GET /images/inst.png HTTP/1.1" 200 521
::1 - - [08/Jul/2023:00:06:15 +0300] "GET /images/mask1.png HTTP/1.1" 200 330
::1 - - [08/Jul/2023:00:06:15 +0300] "GET /images/call.png HTTP/1.1" 200 607
::1 - - [08/Jul/2023:00:06:15 +0300] "GET /images/mask2.png HTTP/1.1" 200 395
::1 - - [08/Jul/2023:00:06:15 +0300] "GET /images/sms.png HTTP/1.1" 200 469
::1 - - [08/Jul/2023:00:06:15 +0300] "GET /images/inst2.png HTTP/1.1" 200 750
::1 - - [08/Jul/2023:00:06:15 +0300] "GET /images/vk2.png HTTP/1.1" 200 519
::1 - - [08/Jul/2023:00:06:15 +0300] "GET /images/tg2.png HTTP/1.1" 200 567
::1 - - [08/Jul/2023:00:06:15 +0300] "GET /images/location.png HTTP/1.1" 200 579
::1 - - [08/Jul/2023:00:06:15 +0300] "GET /favicon_io/favicon.ico HTTP/1.1" 200 15406
::1 - - [08/Jul/2023:00:07:27 +0300] "GET /pets.php HTTP/1.1" 200 3539
::1 - - [08/Jul/2023:00:07:28 +0300] "GET /pets.css HTTP/1.1" 200 3791
::1 - - [08/Jul/2023:00:08:02 +0300] "GET /pets.php HTTP/1.1" 200 3539
::1 - - [08/Jul/2023:00:08:03 +0300] "GET /pets.css HTTP/1.1" 200 3826
::1 - - [08/Jul/2023:00:08:04 +0300] "GET /pets.php HTTP/1.1" 200 3539
::1 - - [08/Jul/2023:00:08:04 +0300] "GET /pets.css HTTP/1.1" 304 -
::1 - - [08/Jul/2023:00:08:08 +0300] "GET /pets.php HTTP/1.1" 200 3539
::1 - - [08/Jul/2023:00:08:08 +0300] "GET /pets.css HTTP/1.1" 200 3826
::1 - - [08/Jul/2023:00:08:08 +0300] "GET /images/Vector.png HTTP/1.1" 200 794
::1 - - [08/Jul/2023:00:08:08 +0300] "GET /images/foots.png HTTP/1.1" 200 1053
::1 - - [08/Jul/2023:00:08:08 +0300] "GET /images/inst.png HTTP/1.1" 200 521
::1 - - [08/Jul/2023:00:08:08 +0300] "GET /images/mask2.png HTTP/1.1" 200 395
::1 - - [08/Jul/2023:00:08:08 +0300] "GET /images/sms.png HTTP/1.1" 200 469
::1 - - [08/Jul/2023:00:08:08 +0300] "GET /images/mask1.png HTTP/1.1" 200 330
::1 - - [08/Jul/2023:00:08:08 +0300] "GET /images/call.png HTTP/1.1" 200 607
::1 - - [08/Jul/2023:00:08:08 +0300] "GET /images/vk2.png HTTP/1.1" 200 519
::1 - - [08/Jul/2023:00:08:08 +0300] "GET /images/tg2.png HTTP/1.1" 200 567
::1 - - [08/Jul/2023:00:08:08 +0300] "GET /images/location.png HTTP/1.1" 200 579
::1 - - [08/Jul/2023:00:08:08 +0300] "GET /images/inst2.png HTTP/1.1" 200 750
::1 - - [08/Jul/2023:00:08:08 +0300] "GET /favicon_io/favicon.ico HTTP/1.1" 200 15406
::1 - - [08/Jul/2023:00:08:14 +0300] "GET /pets.php HTTP/1.1" 200 3552
::1 - - [08/Jul/2023:00:08:15 +0300] "GET /pets.css HTTP/1.1" 200 3826
::1 - - [08/Jul/2023:00:08:15 +0300] "GET /images/Vector.png HTTP/1.1" 200 794
::1 - - [08/Jul/2023:00:08:15 +0300] "GET /images/inst.png HTTP/1.1" 200 521
::1 - - [08/Jul/2023:00:08:15 +0300] "GET /images/foots.png HTTP/1.1" 200 1053
::1 - - [08/Jul/2023:00:08:15 +0300] "GET /images/mask1.png HTTP/1.1" 200 330
::1 - - [08/Jul/2023:00:08:15 +0300] "GET /images/mask2.png HTTP/1.1" 200 395
::1 - - [08/Jul/2023:00:08:15 +0300] "GET /images/call.png HTTP/1.1" 200 607
::1 - - [08/Jul/2023:00:08:15 +0300] "GET /images/sms.png HTTP/1.1" 200 469
::1 - - [08/Jul/2023:00:08:15 +0300] "GET /images/inst2.png HTTP/1.1" 200 750
::1 - - [08/Jul/2023:00:08:15 +0300] "GET /images/tg2.png HTTP/1.1" 200 567
::1 - - [08/Jul/2023:00:08:15 +0300] "GET /images/location.png HTTP/1.1" 200 579
::1 - - [08/Jul/2023:00:08:15 +0300] "GET /images/vk2.png HTTP/1.1" 200 519
::1 - - [08/Jul/2023:00:08:15 +0300] "GET /favicon_io/favicon.ico HTTP/1.1" 200 15406
::1 - - [08/Jul/2023:00:08:27 +0300] "GET /pets.php HTTP/1.1" 200 3552
::1 - - [08/Jul/2023:00:08:27 +0300] "GET /pets.css HTTP/1.1" 200 3850
::1 - - [08/Jul/2023:00:09:22 +0300] "GET /pets.php HTTP/1.1" 200 3552
::1 - - [08/Jul/2023:00:09:22 +0300] "GET /pets.css HTTP/1.1" 200 3942
::1 - - [08/Jul/2023:00:09:22 +0300] "GET /images/Vector.png HTTP/1.1" 200 794
::1 - - [08/Jul/2023:00:09:22 +0300] "GET /images/foots.png HTTP/1.1" 200 1053
::1 - - [08/Jul/2023:00:09:22 +0300] "GET /images/inst.png HTTP/1.1" 200 521
::1 - - [08/Jul/2023:00:09:22 +0300] "GET /images/sms.png HTTP/1.1" 200 469
::1 - - [08/Jul/2023:00:09:22 +0300] "GET /images/call.png HTTP/1.1" 200 607
::1 - - [08/Jul/2023:00:09:22 +0300] "GET /images/mask1.png HTTP/1.1" 200 330
::1 - - [08/Jul/2023:00:09:22 +0300] "GET /images/mask2.png HTTP/1.1" 200 395
::1 - - [08/Jul/2023:00:09:22 +0300] "GET /images/inst2.png HTTP/1.1" 200 750
::1 - - [08/Jul/2023:00:09:22 +0300] "GET /images/vk2.png HTTP/1.1" 200 519
::1 - - [08/Jul/2023:00:09:22 +0300] "GET /images/tg2.png HTTP/1.1" 200 567
::1 - - [08/Jul/2023:00:09:22 +0300] "GET /images/location.png HTTP/1.1" 200 579
::1 - - [08/Jul/2023:00:09:23 +0300] "GET /favicon_io/favicon.ico HTTP/1.1" 200 15406
::1 - - [08/Jul/2023:00:09:25 +0300] "GET /pets.php HTTP/1.1" 200 3552
::1 - - [08/Jul/2023:00:09:25 +0300] "GET /pets.css HTTP/1.1" 304 -
::1 - - [08/Jul/2023:00:09:29 +0300] "GET /pets.php HTTP/1.1" 200 3565
::1 - - [08/Jul/2023:00:09:30 +0300] "GET /pets.css HTTP/1.1" 304 -
::1 - - [08/Jul/2023:00:09:45 +0300] "GET /pets.php HTTP/1.1" 200 3565
::1 - - [08/Jul/2023:00:09:45 +0300] "GET /pets.css HTTP/1.1" 200 3940
::1 - - [08/Jul/2023:00:09:57 +0300] "GET /pets.php HTTP/1.1" 200 3565
::1 - - [08/Jul/2023:00:09:58 +0300] "GET /pets.css HTTP/1.1" 200 3940
::1 - - [08/Jul/2023:00:10:02 +0300] "GET /pets.php HTTP/1.1" 200 3565
::1 - - [08/Jul/2023:00:10:02 +0300] "GET /pets.css HTTP/1.1" 200 3940
::1 - - [08/Jul/2023:00:10:07 +0300] "GET /pets.php HTTP/1.1" 200 3565
::1 - - [08/Jul/2023:00:10:07 +0300] "GET /pets.css HTTP/1.1" 200 3940
::1 - - [08/Jul/2023:00:10:17 +0300] "GET /pets.php HTTP/1.1" 200 3565
::1 - - [08/Jul/2023:00:10:18 +0300] "GET /pets.css HTTP/1.1" 200 3960
::1 - - [08/Jul/2023:00:10:45 +0300] "GET /pets.php HTTP/1.1" 200 3565
::1 - - [08/Jul/2023:00:10:45 +0300] "GET /pets.css HTTP/1.1" 200 4014
::1 - - [08/Jul/2023:00:10:53 +0300] "GET /pets.php HTTP/1.1" 200 3565
::1 - - [08/Jul/2023:00:10:54 +0300] "GET /pets.css HTTP/1.1" 200 4015
::1 - - [08/Jul/2023:00:11:21 +0300] "GET /pets.php HTTP/1.1" 200 3565
::1 - - [08/Jul/2023:00:11:21 +0300] "GET /pets.css HTTP/1.1" 304 -
::1 - - [08/Jul/2023:00:11:39 +0300] "GET /pets.php HTTP/1.1" 200 3565
::1 - - [08/Jul/2023:00:11:39 +0300] "GET /pets.css HTTP/1.1" 200 4030
::1 - - [08/Jul/2023:00:11:48 +0300] "GET /pets.php HTTP/1.1" 200 3565
::1 - - [08/Jul/2023:00:11:48 +0300] "GET /pets.css HTTP/1.1" 200 4030
::1 - - [08/Jul/2023:00:11:59 +0300] "GET /pets.php HTTP/1.1" 200 3565
::1 - - [08/Jul/2023:00:11:59 +0300] "GET /pets.css HTTP/1.1" 200 4049
::1 - - [08/Jul/2023:00:12:05 +0300] "GET /pets.php HTTP/1.1" 200 3565
::1 - - [08/Jul/2023:00:12:06 +0300] "GET /pets.css HTTP/1.1" 200 4049
::1 - - [08/Jul/2023:00:12:23 +0300] "GET /pets.php HTTP/1.1" 200 3565
::1 - - [08/Jul/2023:00:12:23 +0300] "GET /pets.css HTTP/1.1" 200 4078
::1 - - [08/Jul/2023:00:12:23 +0300] "GET /images/Vector.png HTTP/1.1" 200 794
::1 - - [08/Jul/2023:00:12:23 +0300] "GET /images/foots.png HTTP/1.1" 200 1053
::1 - - [08/Jul/2023:00:12:23 +0300] "GET /images/inst.png HTTP/1.1" 200 521
::1 - - [08/Jul/2023:00:12:23 +0300] "GET /images/mask1.png HTTP/1.1" 200 330
::1 - - [08/Jul/2023:00:12:23 +0300] "GET /images/call.png HTTP/1.1" 200 607
::1 - - [08/Jul/2023:00:12:23 +0300] "GET /images/inst2.png HTTP/1.1" 200 750
::1 - - [08/Jul/2023:00:12:23 +0300] "GET /images/vk2.png HTTP/1.1" 200 519
::1 - - [08/Jul/2023:00:12:23 +0300] "GET /images/tg2.png HTTP/1.1" 200 567
::1 - - [08/Jul/2023:00:12:23 +0300] "GET /images/mask2.png HTTP/1.1" 200 395
::1 - - [08/Jul/2023:00:12:23 +0300] "GET /images/sms.png HTTP/1.1" 200 469
::1 - - [08/Jul/2023:00:12:23 +0300] "GET /images/location.png HTTP/1.1" 200 579
::1 - - [08/Jul/2023:00:12:24 +0300] "GET /favicon_io/favicon.ico HTTP/1.1" 200 15406
::1 - - [08/Jul/2023:00:12:51 +0300] "GET /pets.php HTTP/1.1" 200 3565
::1 - - [08/Jul/2023:00:12:51 +0300] "GET /pets.css HTTP/1.1" 200 4078
::1 - - [08/Jul/2023:00:12:57 +0300] "GET /pets.php HTTP/1.1" 200 3565
::1 - - [08/Jul/2023:00:12:57 +0300] "GET /pets.css HTTP/1.1" 200 4078
::1 - - [08/Jul/2023:00:13:03 +0300] "GET /pets.php HTTP/1.1" 200 3565
::1 - - [08/Jul/2023:00:13:03 +0300] "GET /pets.css HTTP/1.1" 200 4078
::1 - - [08/Jul/2023:00:13:11 +0300] "GET /pets.php HTTP/1.1" 200 3565
::1 - - [08/Jul/2023:00:13:11 +0300] "GET /pets.css HTTP/1.1" 200 4080
::1 - - [08/Jul/2023:00:13:17 +0300] "GET /pets.php HTTP/1.1" 200 3565
::1 - - [08/Jul/2023:00:13:17 +0300] "GET /pets.css HTTP/1.1" 200 4080
::1 - - [08/Jul/2023:00:14:17 +0300] "-" 408 -
::1 - - [08/Jul/2023:12:29:19 +0300] "GET /main.php HTTP/1.1" 200 11357
::1 - - [08/Jul/2023:12:29:20 +0300] "GET /main.css HTTP/1.1" 304 -
::1 - - [08/Jul/2023:12:29:20 +0300] "GET /images/dogs.png HTTP/1.1" 304 -
::1 - - [08/Jul/2023:12:29:20 +0300] "GET /images/gerta.png HTTP/1.1" 304 -
::1 - - [08/Jul/2023:12:29:20 +0300] "GET /images/majlo.png HTTP/1.1" 304 -
::1 - - [08/Jul/2023:12:29:20 +0300] "GET /images/zelda.png HTTP/1.1" 304 -
::1 - - [08/Jul/2023:12:29:20 +0300] "GET /images/martin.png HTTP/1.1" 304 -
::1 - - [08/Jul/2023:12:29:20 +0300] "GET /images/linda.png HTTP/1.1" 304 -
::1 - - [08/Jul/2023:12:29:20 +0300] "GET /images/charlie.png HTTP/1.1" 304 -
::1 - - [08/Jul/2023:12:29:21 +0300] "GET /images/poncho.png HTTP/1.1" 304 -
::1 - - [08/Jul/2023:12:29:21 +0300] "GET /images/denzel.png HTTP/1.1" 304 -
::1 - - [08/Jul/2023:12:29:21 +0300] "GET /images/dog_water.png HTTP/1.1" 304 -
::1 - - [08/Jul/2023:12:29:21 +0300] "GET /images/dog_play.png HTTP/1.1" 304 -
::1 - - [08/Jul/2023:12:29:21 +0300] "GET /images/dog_train.png HTTP/1.1" 304 -
::1 - - [08/Jul/2023:12:29:24 +0300] "GET /pets.php HTTP/1.1" 200 3715
::1 - - [08/Jul/2023:12:29:24 +0300] "GET /pets.css HTTP/1.1" 304 -
::1 - - [08/Jul/2023:12:39:17 +0300] "GET /pets.php HTTP/1.1" 200 3715
::1 - - [08/Jul/2023:12:39:17 +0300] "GET /pets.css HTTP/1.1" 200 4084
::1 - - [08/Jul/2023:12:39:17 +0300] "GET /images/Vector.png HTTP/1.1" 200 794
::1 - - [08/Jul/2023:12:39:17 +0300] "GET /images/foots.png HTTP/1.1" 200 1053
::1 - - [08/Jul/2023:12:39:17 +0300] "GET /images/inst.png HTTP/1.1" 200 521
::1 - - [08/Jul/2023:12:39:18 +0300] "GET /images/vk2.png HTTP/1.1" 200 519
::1 - - [08/Jul/2023:12:39:18 +0300] "GET /images/mask2.png HTTP/1.1" 200 395
::1 - - [08/Jul/2023:12:39:18 +0300] "GET /images/sms.png HTTP/1.1" 200 469
::1 - - [08/Jul/2023:12:39:18 +0300] "GET /images/mask1.png HTTP/1.1" 200 330
::1 - - [08/Jul/2023:12:39:18 +0300] "GET /images/inst2.png HTTP/1.1" 200 750
::1 - - [08/Jul/2023:12:39:18 +0300] "GET /images/location.png HTTP/1.1" 200 579
::1 - - [08/Jul/2023:12:39:18 +0300] "GET /images/call.png HTTP/1.1" 200 607
::1 - - [08/Jul/2023:12:39:18 +0300] "GET /images/tg2.png HTTP/1.1" 200 567
::1 - - [08/Jul/2023:12:39:19 +0300] "GET /favicon_io/favicon.ico HTTP/1.1" 200 15406
::1 - - [08/Jul/2023:12:42:08 +0300] "GET /pets.php HTTP/1.1" 200 3715
::1 - - [08/Jul/2023:12:42:09 +0300] "GET /pets.css HTTP/1.1" 200 4139
::1 - - [08/Jul/2023:12:43:08 +0300] "-" 408 -
::1 - - [08/Jul/2023:12:51:29 +0300] "GET /pets.php HTTP/1.1" 200 3715
::1 - - [08/Jul/2023:12:51:29 +0300] "GET /pets.css HTTP/1.1" 200 4155
::1 - - [08/Jul/2023:12:52:29 +0300] "-" 408 -
::1 - - [08/Jul/2023:13:05:00 +0300] "GET /pets.php HTTP/1.1" 200 3748
::1 - - [08/Jul/2023:13:05:00 +0300] "GET /pets.css HTTP/1.1" 304 -
::1 - - [08/Jul/2023:13:05:21 +0300] "GET /pets.php HTTP/1.1" 200 3748
::1 - - [08/Jul/2023:13:05:40 +0300] "POST /pets.php HTTP/1.1" 200 3748
::1 - - [08/Jul/2023:13:06:40 +0300] "-" 408 -
::1 - - [08/Jul/2023:13:16:23 +0300] "GET /pets.php HTTP/1.1" 200 3827
::1 - - [08/Jul/2023:13:16:23 +0300] "GET /pets.css HTTP/1.1" 200 4109
::1 - - [08/Jul/2023:13:16:24 +0300] "GET /images/enter.png HTTP/1.1" 200 14030
::1 - - [08/Jul/2023:13:16:49 +0300] "GET /pets.php HTTP/1.1" 200 3827
::1 - - [08/Jul/2023:13:16:49 +0300] "GET /pets.css HTTP/1.1" 200 4152
::1 - - [08/Jul/2023:13:17:02 +0300] "GET /pets.php HTTP/1.1" 200 3827
::1 - - [08/Jul/2023:13:17:02 +0300] "GET /pets.css HTTP/1.1" 200 4152
::1 - - [08/Jul/2023:13:17:02 +0300] "GET /images/enter.png HTTP/1.1" 304 -
::1 - - [08/Jul/2023:13:17:13 +0300] "GET /pets.php HTTP/1.1" 200 3827
::1 - - [08/Jul/2023:13:17:13 +0300] "GET /pets.css HTTP/1.1" 200 4163
::1 - - [08/Jul/2023:13:17:37 +0300] "GET /pets.php HTTP/1.1" 200 3827
::1 - - [08/Jul/2023:13:17:37 +0300] "GET /pets.css HTTP/1.1" 200 4158
::1 - - [08/Jul/2023:13:17:37 +0300] "GET /images/enter.png HTTP/1.1" 304 -
::1 - - [08/Jul/2023:13:17:43 +0300] "GET /pets.php HTTP/1.1" 200 3827
::1 - - [08/Jul/2023:13:17:43 +0300] "GET /pets.css HTTP/1.1" 200 4158
::1 - - [08/Jul/2023:13:18:43 +0300] "-" 408 -
::1 - - [08/Jul/2023:13:18:53 +0300] "GET /pets.php HTTP/1.1" 200 3827
::1 - - [08/Jul/2023:13:18:53 +0300] "GET /pets.css HTTP/1.1" 200 4158
::1 - - [08/Jul/2023:13:18:53 +0300] "GET /images/enter.png HTTP/1.1" 304 -
::1 - - [08/Jul/2023:13:19:02 +0300] "GET /pets.php HTTP/1.1" 200 3827
::1 - - [08/Jul/2023:13:19:02 +0300] "GET /pets.css HTTP/1.1" 200 4181
::1 - - [08/Jul/2023:13:19:09 +0300] "GET /pets.php HTTP/1.1" 200 3827
::1 - - [08/Jul/2023:13:19:09 +0300] "GET /pets.css HTTP/1.1" 200 4181
::1 - - [08/Jul/2023:13:19:16 +0300] "GET /pets.php HTTP/1.1" 200 3827
::1 - - [08/Jul/2023:13:19:17 +0300] "GET /pets.css HTTP/1.1" 200 4181
::1 - - [08/Jul/2023:13:19:22 +0300] "GET /pets.php HTTP/1.1" 200 3827
::1 - - [08/Jul/2023:13:19:22 +0300] "GET /pets.css HTTP/1.1" 200 4181
::1 - - [08/Jul/2023:13:20:16 +0300] "-" 408 -
::1 - - [08/Jul/2023:13:20:41 +0300] "GET /main.php HTTP/1.1" 200 11372
::1 - - [08/Jul/2023:13:20:41 +0300] "GET /images/enter.png HTTP/1.1" 304 -
::1 - - [08/Jul/2023:13:20:51 +0300] "GET /main.php HTTP/1.1" 200 11372
::1 - - [08/Jul/2023:13:21:08 +0300] "GET /main.php HTTP/1.1" 200 11372
::1 - - [08/Jul/2023:13:21:10 +0300] "GET /main.php HTTP/1.1" 200 11372
::1 - - [08/Jul/2023:13:21:18 +0300] "GET /main.php HTTP/1.1" 200 11372
::1 - - [08/Jul/2023:13:22:08 +0300] "GET /main.php HTTP/1.1" 200 11372
::1 - - [08/Jul/2023:13:22:08 +0300] "GET /images/enter.png HTTP/1.1" 304 -
::1 - - [08/Jul/2023:13:22:10 +0300] "GET /main.php HTTP/1.1" 200 11372
::1 - - [08/Jul/2023:13:22:23 +0300] "GET /main.php HTTP/1.1" 200 11357
::1 - - [08/Jul/2023:13:23:03 +0300] "GET /main.php HTTP/1.1" 200 11404
::1 - - [08/Jul/2023:13:23:03 +0300] "GET /enter.png HTTP/1.1" 404 196
::1 - - [08/Jul/2023:13:23:28 +0300] "GET /main.php HTTP/1.1" 200 11413
::1 - - [08/Jul/2023:13:23:30 +0300] "GET /images/enter.png HTTP/1.1" 304 -
::1 - - [08/Jul/2023:13:24:03 +0300] "GET /main.php HTTP/1.1" 200 11413
::1 - - [08/Jul/2023:13:24:05 +0300] "GET /main.php HTTP/1.1" 200 11413
::1 - - [08/Jul/2023:13:24:17 +0300] "GET /pets.php HTTP/1.1" 200 3827
::1 - - [08/Jul/2023:13:24:17 +0300] "GET /pets.css HTTP/1.1" 304 -
::1 - - [08/Jul/2023:13:24:17 +0300] "GET /images/enter.png HTTP/1.1" 304 -
::1 - - [08/Jul/2023:13:24:43 +0300] "GET /main.php HTTP/1.1" 200 11413
::1 - - [08/Jul/2023:13:24:43 +0300] "GET /images/enter.png HTTP/1.1" 304 -
::1 - - [08/Jul/2023:13:24:52 +0300] "GET /main.php HTTP/1.1" 200 11413
::1 - - [08/Jul/2023:13:25:52 +0300] "-" 408 -
::1 - - [08/Jul/2023:13:28:34 +0300] "GET /main.php HTTP/1.1" 200 11413
::1 - - [08/Jul/2023:13:28:34 +0300] "GET /images/enter.png HTTP/1.1" 304 -
::1 - - [08/Jul/2023:13:29:14 +0300] "GET /main.php HTTP/1.1" 200 11413
::1 - - [08/Jul/2023:13:29:16 +0300] "GET /main.php HTTP/1.1" 200 11413
::1 - - [08/Jul/2023:13:29:48 +0300] "GET /main.php HTTP/1.1" 200 11436
::1 - - [08/Jul/2023:13:29:49 +0300] "GET /main.php HTTP/1.1" 200 11436
::1 - - [08/Jul/2023:13:30:34 +0300] "GET /main.php HTTP/1.1" 200 11427
::1 - - [08/Jul/2023:13:30:34 +0300] "GET /images/enter.png HTTP/1.1" 304 -
::1 - - [08/Jul/2023:13:31:34 +0300] "-" 408 -
::1 - - [08/Jul/2023:13:33:29 +0300] "GET /main.php HTTP/1.1" 200 11427
::1 - - [08/Jul/2023:13:33:29 +0300] "GET /images/enter.png HTTP/1.1" 304 -
::1 - - [08/Jul/2023:13:34:14 +0300] "GET /main.php HTTP/1.1" 200 11427
::1 - - [08/Jul/2023:13:34:14 +0300] "GET /main.css HTTP/1.1" 200 15535
::1 - - [08/Jul/2023:13:34:14 +0300] "GET /images/Vector.png HTTP/1.1" 200 794
::1 - - [08/Jul/2023:13:34:14 +0300] "GET /images/foots.png HTTP/1.1" 200 1053
::1 - - [08/Jul/2023:13:34:14 +0300] "GET /images/enter.png HTTP/1.1" 200 14030
::1 - - [08/Jul/2023:13:34:14 +0300] "GET /images/inst.png HTTP/1.1" 200 521
::1 - - [08/Jul/2023:13:34:14 +0300] "GET /images/mask1.png HTTP/1.1" 200 330
::1 - - [08/Jul/2023:13:34:14 +0300] "GET /images/majlo.png HTTP/1.1" 200 88542
::1 - - [08/Jul/2023:13:34:14 +0300] "GET /images/dogs.png HTTP/1.1" 200 772771
::1 - - [08/Jul/2023:13:34:14 +0300] "GET /images/mask2.png HTTP/1.1" 200 395
::1 - - [08/Jul/2023:13:34:14 +0300] "GET /images/gerta.png HTTP/1.1" 200 87819
::1 - - [08/Jul/2023:13:34:14 +0300] "GET /images/martin.png HTTP/1.1" 200 91269
::1 - - [08/Jul/2023:13:34:14 +0300] "GET /images/charlie.png HTTP/1.1" 200 89928
::1 - - [08/Jul/2023:13:34:14 +0300] "GET /images/linda.png HTTP/1.1" 200 100649
::1 - - [08/Jul/2023:13:34:14 +0300] "GET /images/zelda.png HTTP/1.1" 200 83887
::1 - - [08/Jul/2023:13:34:14 +0300] "GET /images/poncho.png HTTP/1.1" 200 86698
::1 - - [08/Jul/2023:13:34:15 +0300] "GET /images/denzel.png HTTP/1.1" 200 88439
::1 - - [08/Jul/2023:13:34:15 +0300] "GET /images/dog_water.png HTTP/1.1" 200 288883
::1 - - [08/Jul/2023:13:34:15 +0300] "GET /images/dog_play.png HTTP/1.1" 200 301930
::1 - - [08/Jul/2023:13:34:15 +0300] "GET /images/dog_train.png HTTP/1.1" 200 328737
::1 - - [08/Jul/2023:13:34:15 +0300] "GET /images/sms.png HTTP/1.1" 200 469
::1 - - [08/Jul/2023:13:34:15 +0300] "GET /images/call.png HTTP/1.1" 200 607
::1 - - [08/Jul/2023:13:34:15 +0300] "GET /images/inst2.png HTTP/1.1" 200 750
::1 - - [08/Jul/2023:13:34:15 +0300] "GET /images/vk2.png HTTP/1.1" 200 519
::1 - - [08/Jul/2023:13:34:15 +0300] "GET /images/tg2.png HTTP/1.1" 200 567
::1 - - [08/Jul/2023:13:34:15 +0300] "GET /images/location.png HTTP/1.1" 200 579
::1 - - [08/Jul/2023:13:34:15 +0300] "GET /favicon_io/favicon.ico HTTP/1.1" 200 15406
::1 - - [08/Jul/2023:13:34:32 +0300] "GET /main.php HTTP/1.1" 200 11427
::1 - - [08/Jul/2023:13:34:36 +0300] "GET /main.php HTTP/1.1" 200 11427
::1 - - [08/Jul/2023:13:34:36 +0300] "GET /main.css HTTP/1.1" 200 15595
::1 - - [08/Jul/2023:13:35:03 +0300] "GET /main.php HTTP/1.1" 200 11427
::1 - - [08/Jul/2023:13:35:03 +0300] "GET /main.css HTTP/1.1" 304 -
::1 - - [08/Jul/2023:13:36:03 +0300] "-" 408 -
::1 - - [08/Jul/2023:13:46:48 +0300] "-" 408 -
::1 - - [08/Jul/2023:13:48:01 +0300] "GET /auth.php HTTP/1.1" 200 1326
::1 - - [08/Jul/2023:13:48:02 +0300] "GET /auth.css HTTP/1.1" 200 1004
::1 - - [08/Jul/2023:13:48:02 +0300] "GET /images/enter.png HTTP/1.1" 304 -
::1 - - [08/Jul/2023:13:48:57 +0300] "GET /auth.php HTTP/1.1" 200 2524
::1 - - [08/Jul/2023:13:48:58 +0300] "GET /auth.css HTTP/1.1" 200 3738
::1 - - [08/Jul/2023:13:49:14 +0300] "GET /auth.php HTTP/1.1" 200 2524
::1 - - [08/Jul/2023:13:49:14 +0300] "GET /auth.css HTTP/1.1" 200 3758
::1 - - [08/Jul/2023:13:49:21 +0300] "GET /auth.php HTTP/1.1" 200 2524
::1 - - [08/Jul/2023:13:49:22 +0300] "GET /auth.css HTTP/1.1" 200 3761
::1 - - [08/Jul/2023:13:49:45 +0300] "GET /auth.php HTTP/1.1" 200 2524
::1 - - [08/Jul/2023:13:49:45 +0300] "GET /auth.css HTTP/1.1" 200 3761
::1 - - [08/Jul/2023:13:50:45 +0300] "-" 408 -
::1 - - [08/Jul/2023:15:53:13 +0300] "GET /auth.css HTTP/1.1" 304 -
::1 - - [08/Jul/2023:15:53:13 +0300] "GET /images/enter.png HTTP/1.1" 304 -
::1 - - [08/Jul/2023:19:44:53 +0300] "GET /main.css HTTP/1.1" 304 -
::1 - - [08/Jul/2023:19:44:53 +0300] "GET /images/enter.png HTTP/1.1" 304 -
::1 - - [08/Jul/2023:19:45:52 +0300] "-" 408 -
::1 - - [17/Jul/2023:20:29:27 +0300] "GET /main.php HTTP/1.1" 200 11427
